{"/home/alinedebastiani/sd-08-project-recipes-app/src/App.js": {"path":"/home/alinedebastiani/sd-08-project-recipes-app/src/App.js","statementMap":{"0":{"start":{"line":18,"column":2},"end":{"line":44,"column":4}},"1":{"start":{"line":22,"column":28},"end":{"line":22,"column":58}},"2":{"start":{"line":26,"column":28},"end":{"line":26,"column":58}},"3":{"start":{"line":28,"column":53},"end":{"line":28,"column":83}},"4":{"start":{"line":29,"column":53},"end":{"line":29,"column":83}}},"fnMap":{"0":{"name":"App","decl":{"start":{"line":17,"column":9},"end":{"line":17,"column":12}},"loc":{"start":{"line":17,"column":15},"end":{"line":45,"column":1}},"line":17},"1":{"name":"(anonymous_1)","decl":{"start":{"line":22,"column":17},"end":{"line":22,"column":18}},"loc":{"start":{"line":22,"column":28},"end":{"line":22,"column":58}},"line":22},"2":{"name":"(anonymous_2)","decl":{"start":{"line":26,"column":17},"end":{"line":26,"column":18}},"loc":{"start":{"line":26,"column":28},"end":{"line":26,"column":58}},"line":26},"3":{"name":"(anonymous_3)","decl":{"start":{"line":28,"column":42},"end":{"line":28,"column":43}},"loc":{"start":{"line":28,"column":53},"end":{"line":28,"column":83}},"line":28},"4":{"name":"(anonymous_4)","decl":{"start":{"line":29,"column":42},"end":{"line":29,"column":43}},"loc":{"start":{"line":29,"column":53},"end":{"line":29,"column":83}},"line":29}},"branchMap":{},"s":{"0":7,"1":0,"2":0,"3":0,"4":0},"f":{"0":7,"1":0,"2":0,"3":0,"4":0},"b":{},"_coverageSchema":"43e27e138ebf9cfc5966b082cf9a028302ed4184","hash":"1d62f64f7aa852aac050b5648240fb053b6c496d"}
,"/home/alinedebastiani/sd-08-project-recipes-app/src/actions/login.js": {"path":"/home/alinedebastiani/sd-08-project-recipes-app/src/actions/login.js","statementMap":{"0":{"start":{"line":3,"column":21},"end":{"line":6,"column":2}},"1":{"start":{"line":3,"column":35},"end":{"line":6,"column":1}},"2":{"start":{"line":8,"column":22},"end":{"line":11,"column":2}},"3":{"start":{"line":8,"column":36},"end":{"line":11,"column":1}},"4":{"start":{"line":13,"column":16},"end":{"line":16,"column":2}},"5":{"start":{"line":13,"column":30},"end":{"line":16,"column":1}},"6":{"start":{"line":18,"column":14},"end":{"line":24,"column":2}},"7":{"start":{"line":18,"column":26},"end":{"line":24,"column":1}},"8":{"start":{"line":19,"column":20},"end":{"line":19,"column":21}},"9":{"start":{"line":20,"column":21},"end":{"line":20,"column":22}},"10":{"start":{"line":21,"column":2},"end":{"line":21,"column":38}},"11":{"start":{"line":22,"column":2},"end":{"line":22,"column":36}},"12":{"start":{"line":23,"column":2},"end":{"line":23,"column":27}}},"fnMap":{"0":{"name":"(anonymous_0)","decl":{"start":{"line":3,"column":21},"end":{"line":3,"column":22}},"loc":{"start":{"line":3,"column":35},"end":{"line":6,"column":1}},"line":3},"1":{"name":"(anonymous_1)","decl":{"start":{"line":8,"column":22},"end":{"line":8,"column":23}},"loc":{"start":{"line":8,"column":36},"end":{"line":11,"column":1}},"line":8},"2":{"name":"(anonymous_2)","decl":{"start":{"line":13,"column":16},"end":{"line":13,"column":17}},"loc":{"start":{"line":13,"column":30},"end":{"line":16,"column":1}},"line":13},"3":{"name":"(anonymous_3)","decl":{"start":{"line":18,"column":14},"end":{"line":18,"column":15}},"loc":{"start":{"line":18,"column":26},"end":{"line":24,"column":1}},"line":18},"4":{"name":"(anonymous_4)","decl":{"start":{"line":18,"column":26},"end":{"line":18,"column":27}},"loc":{"start":{"line":18,"column":46},"end":{"line":24,"column":1}},"line":18}},"branchMap":{},"s":{"0":2,"1":1,"2":2,"3":1,"4":2,"5":1,"6":2,"7":1,"8":1,"9":1,"10":1,"11":1,"12":1},"f":{"0":1,"1":1,"2":1,"3":1,"4":1},"b":{},"_coverageSchema":"43e27e138ebf9cfc5966b082cf9a028302ed4184","hash":"d72776079b5af45601d60002cf7b9d960c9b8739"}
,"/home/alinedebastiani/sd-08-project-recipes-app/src/actions/recipes.js": {"path":"/home/alinedebastiani/sd-08-project-recipes-app/src/actions/recipes.js","statementMap":{"0":{"start":{"line":5,"column":19},"end":{"line":8,"column":2}},"1":{"start":{"line":5,"column":33},"end":{"line":8,"column":1}},"2":{"start":{"line":10,"column":23},"end":{"line":12,"column":2}},"3":{"start":{"line":10,"column":30},"end":{"line":12,"column":1}},"4":{"start":{"line":14,"column":18},"end":{"line":17,"column":2}},"5":{"start":{"line":14,"column":32},"end":{"line":17,"column":1}},"6":{"start":{"line":19,"column":23},"end":{"line":44,"column":1}},"7":{"start":{"line":20,"column":18},"end":{"line":20,"column":55}},"8":{"start":{"line":23,"column":47},"end":{"line":23,"column":50}},"9":{"start":{"line":24,"column":15},"end":{"line":24,"column":49}},"10":{"start":{"line":25,"column":16},"end":{"line":25,"column":30}},"11":{"start":{"line":26,"column":13},"end":{"line":26,"column":23}},"12":{"start":{"line":27,"column":23},"end":{"line":28,"column":87}},"13":{"start":{"line":43,"column":2},"end":{"line":43,"column":37}},"14":{"start":{"line":46,"column":28},"end":{"line":64,"column":1}},"15":{"start":{"line":48,"column":2},"end":{"line":63,"column":3}},"16":{"start":{"line":49,"column":19},"end":{"line":49,"column":56}},"17":{"start":{"line":50,"column":4},"end":{"line":50,"column":32}},"18":{"start":{"line":51,"column":4},"end":{"line":51,"column":31}},"19":{"start":{"line":52,"column":20},"end":{"line":52,"column":59}},"20":{"start":{"line":53,"column":20},"end":{"line":53,"column":70}},"21":{"start":{"line":54,"column":14},"end":{"line":54,"column":104}},"22":{"start":{"line":55,"column":4},"end":{"line":55,"column":91}},"23":{"start":{"line":55,"column":14},"end":{"line":55,"column":91}},"24":{"start":{"line":56,"column":4},"end":{"line":62,"column":5}},"25":{"start":{"line":57,"column":19},"end":{"line":57,"column":35}},"26":{"start":{"line":58,"column":37},"end":{"line":58,"column":54}},"27":{"start":{"line":59,"column":6},"end":{"line":59,"column":82}},"28":{"start":{"line":59,"column":50},"end":{"line":59,"column":78}},"29":{"start":{"line":61,"column":6},"end":{"line":61,"column":31}},"30":{"start":{"line":66,"column":22},"end":{"line":69,"column":2}},"31":{"start":{"line":66,"column":36},"end":{"line":69,"column":1}},"32":{"start":{"line":71,"column":31},"end":{"line":83,"column":1}},"33":{"start":{"line":72,"column":2},"end":{"line":82,"column":3}},"34":{"start":{"line":73,"column":19},"end":{"line":74,"column":85}},"35":{"start":{"line":75,"column":17},"end":{"line":75,"column":42}},"36":{"start":{"line":76,"column":20},"end":{"line":76,"column":59}},"37":{"start":{"line":77,"column":38},"end":{"line":77,"column":55}},"38":{"start":{"line":78,"column":30},"end":{"line":78,"column":31}},"39":{"start":{"line":79,"column":28},"end":{"line":80,"column":44}},"40":{"start":{"line":80,"column":32},"end":{"line":80,"column":43}},"41":{"start":{"line":81,"column":4},"end":{"line":81,"column":45}},"42":{"start":{"line":85,"column":27},"end":{"line":88,"column":2}},"43":{"start":{"line":85,"column":41},"end":{"line":88,"column":1}},"44":{"start":{"line":90,"column":36},"end":{"line":99,"column":1}},"45":{"start":{"line":91,"column":2},"end":{"line":98,"column":3}},"46":{"start":{"line":92,"column":20},"end":{"line":92,"column":70}},"47":{"start":{"line":93,"column":16},"end":{"line":93,"column":85}},"48":{"start":{"line":94,"column":17},"end":{"line":94,"column":33}},"49":{"start":{"line":95,"column":20},"end":{"line":95,"column":59}},"50":{"start":{"line":96,"column":35},"end":{"line":96,"column":52}},"51":{"start":{"line":97,"column":4},"end":{"line":97,"column":88}},"52":{"start":{"line":97,"column":56},"end":{"line":97,"column":84}},"53":{"start":{"line":101,"column":27},"end":{"line":105,"column":2}},"54":{"start":{"line":101,"column":55},"end":{"line":105,"column":1}},"55":{"start":{"line":107,"column":25},"end":{"line":110,"column":2}},"56":{"start":{"line":107,"column":39},"end":{"line":110,"column":1}},"57":{"start":{"line":112,"column":27},"end":{"line":115,"column":2}},"58":{"start":{"line":112,"column":41},"end":{"line":115,"column":1}},"59":{"start":{"line":117,"column":30},"end":{"line":120,"column":2}},"60":{"start":{"line":117,"column":44},"end":{"line":120,"column":1}},"61":{"start":{"line":122,"column":31},"end":{"line":125,"column":2}},"62":{"start":{"line":122,"column":45},"end":{"line":125,"column":1}},"63":{"start":{"line":127,"column":17},"end":{"line":130,"column":2}},"64":{"start":{"line":127,"column":31},"end":{"line":130,"column":1}},"65":{"start":{"line":132,"column":26},"end":{"line":139,"column":1}},"66":{"start":{"line":133,"column":2},"end":{"line":138,"column":3}},"67":{"start":{"line":134,"column":16},"end":{"line":134,"column":80}},"68":{"start":{"line":135,"column":17},"end":{"line":135,"column":33}},"69":{"start":{"line":136,"column":18},"end":{"line":136,"column":35}},"70":{"start":{"line":137,"column":4},"end":{"line":137,"column":30}}},"fnMap":{"0":{"name":"(anonymous_0)","decl":{"start":{"line":5,"column":19},"end":{"line":5,"column":20}},"loc":{"start":{"line":5,"column":33},"end":{"line":8,"column":1}},"line":5},"1":{"name":"(anonymous_1)","decl":{"start":{"line":10,"column":23},"end":{"line":10,"column":24}},"loc":{"start":{"line":10,"column":30},"end":{"line":12,"column":1}},"line":10},"2":{"name":"(anonymous_2)","decl":{"start":{"line":14,"column":18},"end":{"line":14,"column":19}},"loc":{"start":{"line":14,"column":32},"end":{"line":17,"column":1}},"line":14},"3":{"name":"(anonymous_3)","decl":{"start":{"line":19,"column":23},"end":{"line":19,"column":24}},"loc":{"start":{"line":19,"column":38},"end":{"line":44,"column":1}},"line":19},"4":{"name":"(anonymous_4)","decl":{"start":{"line":46,"column":28},"end":{"line":46,"column":29}},"loc":{"start":{"line":48,"column":2},"end":{"line":63,"column":3}},"line":48},"5":{"name":"(anonymous_5)","decl":{"start":{"line":48,"column":2},"end":{"line":48,"column":3}},"loc":{"start":{"line":48,"column":22},"end":{"line":63,"column":3}},"line":48},"6":{"name":"(anonymous_6)","decl":{"start":{"line":59,"column":38},"end":{"line":59,"column":39}},"loc":{"start":{"line":59,"column":50},"end":{"line":59,"column":78}},"line":59},"7":{"name":"(anonymous_7)","decl":{"start":{"line":66,"column":22},"end":{"line":66,"column":23}},"loc":{"start":{"line":66,"column":36},"end":{"line":69,"column":1}},"line":66},"8":{"name":"(anonymous_8)","decl":{"start":{"line":71,"column":31},"end":{"line":71,"column":32}},"loc":{"start":{"line":72,"column":2},"end":{"line":82,"column":3}},"line":72},"9":{"name":"(anonymous_9)","decl":{"start":{"line":72,"column":2},"end":{"line":72,"column":3}},"loc":{"start":{"line":72,"column":22},"end":{"line":82,"column":3}},"line":72},"10":{"name":"(anonymous_10)","decl":{"start":{"line":80,"column":11},"end":{"line":80,"column":12}},"loc":{"start":{"line":80,"column":32},"end":{"line":80,"column":43}},"line":80},"11":{"name":"(anonymous_11)","decl":{"start":{"line":85,"column":27},"end":{"line":85,"column":28}},"loc":{"start":{"line":85,"column":41},"end":{"line":88,"column":1}},"line":85},"12":{"name":"(anonymous_12)","decl":{"start":{"line":90,"column":36},"end":{"line":90,"column":37}},"loc":{"start":{"line":91,"column":2},"end":{"line":98,"column":3}},"line":91},"13":{"name":"(anonymous_13)","decl":{"start":{"line":91,"column":2},"end":{"line":91,"column":3}},"loc":{"start":{"line":91,"column":22},"end":{"line":98,"column":3}},"line":91},"14":{"name":"(anonymous_14)","decl":{"start":{"line":97,"column":44},"end":{"line":97,"column":45}},"loc":{"start":{"line":97,"column":56},"end":{"line":97,"column":84}},"line":97},"15":{"name":"(anonymous_15)","decl":{"start":{"line":101,"column":27},"end":{"line":101,"column":28}},"loc":{"start":{"line":101,"column":55},"end":{"line":105,"column":1}},"line":101},"16":{"name":"(anonymous_16)","decl":{"start":{"line":107,"column":25},"end":{"line":107,"column":26}},"loc":{"start":{"line":107,"column":39},"end":{"line":110,"column":1}},"line":107},"17":{"name":"(anonymous_17)","decl":{"start":{"line":112,"column":27},"end":{"line":112,"column":28}},"loc":{"start":{"line":112,"column":41},"end":{"line":115,"column":1}},"line":112},"18":{"name":"(anonymous_18)","decl":{"start":{"line":117,"column":30},"end":{"line":117,"column":31}},"loc":{"start":{"line":117,"column":44},"end":{"line":120,"column":1}},"line":117},"19":{"name":"(anonymous_19)","decl":{"start":{"line":122,"column":31},"end":{"line":122,"column":32}},"loc":{"start":{"line":122,"column":45},"end":{"line":125,"column":1}},"line":122},"20":{"name":"(anonymous_20)","decl":{"start":{"line":127,"column":17},"end":{"line":127,"column":18}},"loc":{"start":{"line":127,"column":31},"end":{"line":130,"column":1}},"line":127},"21":{"name":"(anonymous_21)","decl":{"start":{"line":132,"column":26},"end":{"line":132,"column":27}},"loc":{"start":{"line":133,"column":2},"end":{"line":138,"column":3}},"line":133},"22":{"name":"(anonymous_22)","decl":{"start":{"line":133,"column":2},"end":{"line":133,"column":3}},"loc":{"start":{"line":133,"column":22},"end":{"line":138,"column":3}},"line":133}},"branchMap":{"0":{"loc":{"start":{"line":20,"column":18},"end":{"line":20,"column":55}},"type":"cond-expr","locations":[{"start":{"line":20,"column":39},"end":{"line":20,"column":45}},{"start":{"line":20,"column":48},"end":{"line":20,"column":55}}],"line":20},"1":{"loc":{"start":{"line":21,"column":19},"end":{"line":21,"column":28}},"type":"default-arg","locations":[{"start":{"line":21,"column":26},"end":{"line":21,"column":28}}],"line":21},"2":{"loc":{"start":{"line":21,"column":43},"end":{"line":21,"column":56}},"type":"default-arg","locations":[{"start":{"line":21,"column":54},"end":{"line":21,"column":56}}],"line":21},"3":{"loc":{"start":{"line":22,"column":18},"end":{"line":22,"column":37}},"type":"default-arg","locations":[{"start":{"line":22,"column":35},"end":{"line":22,"column":37}}],"line":22},"4":{"loc":{"start":{"line":24,"column":15},"end":{"line":24,"column":49}},"type":"cond-expr","locations":[{"start":{"line":24,"column":26},"end":{"line":24,"column":28}},{"start":{"line":24,"column":31},"end":{"line":24,"column":49}}],"line":24},"5":{"loc":{"start":{"line":46,"column":36},"end":{"line":46,"column":52}},"type":"default-arg","locations":[{"start":{"line":46,"column":43},"end":{"line":46,"column":52}}],"line":46},"6":{"loc":{"start":{"line":47,"column":2},"end":{"line":47,"column":56}},"type":"default-arg","locations":[{"start":{"line":47,"column":54},"end":{"line":47,"column":56}}],"line":47},"7":{"loc":{"start":{"line":47,"column":4},"end":{"line":47,"column":22}},"type":"default-arg","locations":[{"start":{"line":47,"column":14},"end":{"line":47,"column":22}}],"line":47},"8":{"loc":{"start":{"line":47,"column":24},"end":{"line":47,"column":33}},"type":"default-arg","locations":[{"start":{"line":47,"column":30},"end":{"line":47,"column":33}}],"line":47},"9":{"loc":{"start":{"line":47,"column":35},"end":{"line":47,"column":49}},"type":"default-arg","locations":[{"start":{"line":47,"column":47},"end":{"line":47,"column":49}}],"line":47},"10":{"loc":{"start":{"line":49,"column":19},"end":{"line":49,"column":56}},"type":"cond-expr","locations":[{"start":{"line":49,"column":42},"end":{"line":49,"column":51}},{"start":{"line":49,"column":54},"end":{"line":49,"column":56}}],"line":49},"11":{"loc":{"start":{"line":52,"column":20},"end":{"line":52,"column":59}},"type":"cond-expr","locations":[{"start":{"line":52,"column":41},"end":{"line":52,"column":48}},{"start":{"line":52,"column":51},"end":{"line":52,"column":59}}],"line":52},"12":{"loc":{"start":{"line":55,"column":4},"end":{"line":55,"column":91}},"type":"if","locations":[{"start":{"line":55,"column":4},"end":{"line":55,"column":91}},{"start":{"line":55,"column":4},"end":{"line":55,"column":91}}],"line":55},"13":{"loc":{"start":{"line":71,"column":39},"end":{"line":71,"column":55}},"type":"default-arg","locations":[{"start":{"line":71,"column":46},"end":{"line":71,"column":55}}],"line":71},"14":{"loc":{"start":{"line":76,"column":20},"end":{"line":76,"column":59}},"type":"cond-expr","locations":[{"start":{"line":76,"column":41},"end":{"line":76,"column":48}},{"start":{"line":76,"column":51},"end":{"line":76,"column":59}}],"line":76},"15":{"loc":{"start":{"line":90,"column":44},"end":{"line":90,"column":60}},"type":"default-arg","locations":[{"start":{"line":90,"column":51},"end":{"line":90,"column":60}}],"line":90},"16":{"loc":{"start":{"line":95,"column":20},"end":{"line":95,"column":59}},"type":"cond-expr","locations":[{"start":{"line":95,"column":41},"end":{"line":95,"column":48}},{"start":{"line":95,"column":51},"end":{"line":95,"column":59}}],"line":95}},"s":{"0":5,"1":0,"2":5,"3":0,"4":5,"5":0,"6":5,"7":0,"8":0,"9":0,"10":0,"11":0,"12":0,"13":0,"14":5,"15":0,"16":0,"17":0,"18":0,"19":0,"20":0,"21":0,"22":0,"23":0,"24":0,"25":0,"26":0,"27":0,"28":0,"29":0,"30":5,"31":0,"32":5,"33":0,"34":0,"35":0,"36":0,"37":0,"38":0,"39":0,"40":0,"41":0,"42":5,"43":0,"44":5,"45":0,"46":0,"47":0,"48":0,"49":0,"50":0,"51":0,"52":0,"53":5,"54":0,"55":5,"56":0,"57":5,"58":0,"59":5,"60":0,"61":5,"62":0,"63":5,"64":0,"65":5,"66":0,"67":0,"68":0,"69":0,"70":0},"f":{"0":0,"1":0,"2":0,"3":0,"4":0,"5":0,"6":0,"7":0,"8":0,"9":0,"10":0,"11":0,"12":0,"13":0,"14":0,"15":0,"16":0,"17":0,"18":0,"19":0,"20":0,"21":0,"22":0},"b":{"0":[0,0],"1":[0],"2":[0],"3":[0],"4":[0,0],"5":[0],"6":[0],"7":[0],"8":[0],"9":[0],"10":[0,0],"11":[0,0],"12":[0,0],"13":[0],"14":[0,0],"15":[0],"16":[0,0]},"_coverageSchema":"43e27e138ebf9cfc5966b082cf9a028302ed4184","hash":"2eb1741e9e9eb3b216133b0f555c5401c5172457"}
,"/home/alinedebastiani/sd-08-project-recipes-app/src/components/CategoryButton.jsx": {"path":"/home/alinedebastiani/sd-08-project-recipes-app/src/components/CategoryButton.jsx","statementMap":{"0":{"start":{"line":8,"column":25},"end":{"line":8,"column":69}},"1":{"start":{"line":8,"column":48},"end":{"line":8,"column":68}},"2":{"start":{"line":9,"column":19},"end":{"line":9,"column":32}},"3":{"start":{"line":11,"column":16},"end":{"line":11,"column":17}},"4":{"start":{"line":13,"column":16},"end":{"line":18,"column":3}},"5":{"start":{"line":14,"column":20},"end":{"line":14,"column":72}},"6":{"start":{"line":15,"column":4},"end":{"line":17,"column":56}},"7":{"start":{"line":16,"column":6},"end":{"line":16,"column":42}},"8":{"start":{"line":17,"column":11},"end":{"line":17,"column":56}},"9":{"start":{"line":20,"column":2},"end":{"line":28,"column":4}},"10":{"start":{"line":23,"column":22},"end":{"line":23,"column":33}},"11":{"start":{"line":31,"column":0},"end":{"line":34,"column":2}}},"fnMap":{"0":{"name":"CategoryButton","decl":{"start":{"line":7,"column":9},"end":{"line":7,"column":23}},"loc":{"start":{"line":7,"column":40},"end":{"line":29,"column":1}},"line":7},"1":{"name":"(anonymous_1)","decl":{"start":{"line":8,"column":37},"end":{"line":8,"column":38}},"loc":{"start":{"line":8,"column":48},"end":{"line":8,"column":68}},"line":8},"2":{"name":"(anonymous_2)","decl":{"start":{"line":13,"column":16},"end":{"line":13,"column":17}},"loc":{"start":{"line":13,"column":30},"end":{"line":18,"column":3}},"line":13},"3":{"name":"(anonymous_3)","decl":{"start":{"line":23,"column":16},"end":{"line":23,"column":17}},"loc":{"start":{"line":23,"column":22},"end":{"line":23,"column":33}},"line":23}},"branchMap":{"0":{"loc":{"start":{"line":15,"column":4},"end":{"line":17,"column":56}},"type":"if","locations":[{"start":{"line":15,"column":4},"end":{"line":17,"column":56}},{"start":{"line":15,"column":4},"end":{"line":17,"column":56}}],"line":15},"1":{"loc":{"start":{"line":15,"column":8},"end":{"line":15,"column":57}},"type":"binary-expr","locations":[{"start":{"line":15,"column":8},"end":{"line":15,"column":35}},{"start":{"line":15,"column":39},"end":{"line":15,"column":57}}],"line":15}},"s":{"0":0,"1":0,"2":0,"3":0,"4":0,"5":0,"6":0,"7":0,"8":0,"9":0,"10":0,"11":2},"f":{"0":0,"1":0,"2":0,"3":0},"b":{"0":[0,0],"1":[0,0]},"_coverageSchema":"43e27e138ebf9cfc5966b082cf9a028302ed4184","hash":"05e05417d033b6c68f6ffe3ea5809c2fe2d55419"}
,"/home/alinedebastiani/sd-08-project-recipes-app/src/components/FavButton.jsx": {"path":"/home/alinedebastiani/sd-08-project-recipes-app/src/components/FavButton.jsx","statementMap":{"0":{"start":{"line":9,"column":19},"end":{"line":9,"column":65}},"1":{"start":{"line":9,"column":42},"end":{"line":9,"column":64}},"2":{"start":{"line":10,"column":19},"end":{"line":10,"column":32}},"3":{"start":{"line":13,"column":22},"end":{"line":30,"column":3}},"4":{"start":{"line":14,"column":4},"end":{"line":14,"column":26}},"5":{"start":{"line":15,"column":16},"end":{"line":18,"column":7}},"6":{"start":{"line":17,"column":21},"end":{"line":17,"column":78}},"7":{"start":{"line":22,"column":64},"end":{"line":22,"column":70}},"8":{"start":{"line":23,"column":20},"end":{"line":23,"column":40}},"9":{"start":{"line":24,"column":19},"end":{"line":24,"column":85}},"10":{"start":{"line":27,"column":4},"end":{"line":29,"column":41}},"11":{"start":{"line":28,"column":6},"end":{"line":28,"column":39}},"12":{"start":{"line":29,"column":11},"end":{"line":29,"column":41}},"13":{"start":{"line":32,"column":2},"end":{"line":34,"column":17}},"14":{"start":{"line":33,"column":4},"end":{"line":33,"column":70}},"15":{"start":{"line":36,"column":2},"end":{"line":47,"column":4}},"16":{"start":{"line":42,"column":25},"end":{"line":42,"column":74}},"17":{"start":{"line":50,"column":0},"end":{"line":54,"column":2}}},"fnMap":{"0":{"name":"FavButton","decl":{"start":{"line":8,"column":9},"end":{"line":8,"column":18}},"loc":{"start":{"line":8,"column":44},"end":{"line":48,"column":1}},"line":8},"1":{"name":"(anonymous_1)","decl":{"start":{"line":9,"column":31},"end":{"line":9,"column":32}},"loc":{"start":{"line":9,"column":42},"end":{"line":9,"column":64}},"line":9},"2":{"name":"(anonymous_2)","decl":{"start":{"line":13,"column":22},"end":{"line":13,"column":23}},"loc":{"start":{"line":13,"column":28},"end":{"line":30,"column":3}},"line":13},"3":{"name":"(anonymous_3)","decl":{"start":{"line":17,"column":8},"end":{"line":17,"column":9}},"loc":{"start":{"line":17,"column":21},"end":{"line":17,"column":78}},"line":17},"4":{"name":"(anonymous_4)","decl":{"start":{"line":32,"column":12},"end":{"line":32,"column":13}},"loc":{"start":{"line":32,"column":18},"end":{"line":34,"column":3}},"line":32},"5":{"name":"(anonymous_5)","decl":{"start":{"line":42,"column":16},"end":{"line":42,"column":17}},"loc":{"start":{"line":42,"column":25},"end":{"line":42,"column":74}},"line":42}},"branchMap":{"0":{"loc":{"start":{"line":17,"column":21},"end":{"line":17,"column":78}},"type":"binary-expr","locations":[{"start":{"line":17,"column":21},"end":{"line":17,"column":45}},{"start":{"line":17,"column":49},"end":{"line":17,"column":78}}],"line":17},"1":{"loc":{"start":{"line":27,"column":4},"end":{"line":29,"column":41}},"type":"if","locations":[{"start":{"line":27,"column":4},"end":{"line":29,"column":41}},{"start":{"line":27,"column":4},"end":{"line":29,"column":41}}],"line":27},"2":{"loc":{"start":{"line":39,"column":22},"end":{"line":40,"column":63}},"type":"cond-expr","locations":[{"start":{"line":40,"column":12},"end":{"line":40,"column":46}},{"start":{"line":40,"column":49},"end":{"line":40,"column":63}}],"line":39},"3":{"loc":{"start":{"line":41,"column":14},"end":{"line":43,"column":34}},"type":"cond-expr","locations":[{"start":{"line":43,"column":12},"end":{"line":43,"column":24}},{"start":{"line":43,"column":27},"end":{"line":43,"column":34}}],"line":41},"4":{"loc":{"start":{"line":42,"column":25},"end":{"line":42,"column":74}},"type":"binary-expr","locations":[{"start":{"line":42,"column":25},"end":{"line":42,"column":45}},{"start":{"line":42,"column":49},"end":{"line":42,"column":74}}],"line":42}},"s":{"0":0,"1":0,"2":0,"3":0,"4":0,"5":0,"6":0,"7":0,"8":0,"9":0,"10":0,"11":0,"12":0,"13":0,"14":0,"15":0,"16":0,"17":4},"f":{"0":0,"1":0,"2":0,"3":0,"4":0,"5":0},"b":{"0":[0,0],"1":[0,0],"2":[0,0],"3":[0,0],"4":[0,0]},"_coverageSchema":"43e27e138ebf9cfc5966b082cf9a028302ed4184","hash":"b3107b3021c4fc3bacdd15554b1ee59af295de4a"}
,"/home/alinedebastiani/sd-08-project-recipes-app/src/components/Footer.js": {"path":"/home/alinedebastiani/sd-08-project-recipes-app/src/components/Footer.js","statementMap":{"0":{"start":{"line":9,"column":2},"end":{"line":21,"column":4}}},"fnMap":{"0":{"name":"Footer","decl":{"start":{"line":8,"column":9},"end":{"line":8,"column":15}},"loc":{"start":{"line":8,"column":18},"end":{"line":22,"column":1}},"line":8}},"branchMap":{},"s":{"0":11},"f":{"0":11},"b":{},"_coverageSchema":"43e27e138ebf9cfc5966b082cf9a028302ed4184","hash":"a89201d61bffbc2fbd32bd83183d7c03f11aaf7c"}
,"/home/alinedebastiani/sd-08-project-recipes-app/src/components/Header.jsx": {"path":"/home/alinedebastiani/sd-08-project-recipes-app/src/components/Header.jsx","statementMap":{"0":{"start":{"line":8,"column":15},"end":{"line":84,"column":1}},"1":{"start":{"line":9,"column":23},"end":{"line":9,"column":36}},"2":{"start":{"line":11,"column":23},"end":{"line":11,"column":39}},"3":{"start":{"line":13,"column":40},"end":{"line":13,"column":60}},"4":{"start":{"line":14,"column":38},"end":{"line":14,"column":53}},"5":{"start":{"line":15,"column":36},"end":{"line":15,"column":51}},"6":{"start":{"line":17,"column":2},"end":{"line":59,"column":4}},"7":{"start":{"line":18,"column":4},"end":{"line":58,"column":5}},"8":{"start":{"line":20,"column":6},"end":{"line":20,"column":32}},"9":{"start":{"line":21,"column":6},"end":{"line":21,"column":26}},"10":{"start":{"line":22,"column":6},"end":{"line":22,"column":13}},"11":{"start":{"line":24,"column":6},"end":{"line":24,"column":32}},"12":{"start":{"line":25,"column":6},"end":{"line":25,"column":26}},"13":{"start":{"line":26,"column":6},"end":{"line":26,"column":13}},"14":{"start":{"line":28,"column":6},"end":{"line":28,"column":33}},"15":{"start":{"line":29,"column":6},"end":{"line":29,"column":13}},"16":{"start":{"line":31,"column":6},"end":{"line":31,"column":41}},"17":{"start":{"line":32,"column":6},"end":{"line":32,"column":13}},"18":{"start":{"line":34,"column":6},"end":{"line":34,"column":41}},"19":{"start":{"line":35,"column":6},"end":{"line":35,"column":13}},"20":{"start":{"line":37,"column":6},"end":{"line":37,"column":46}},"21":{"start":{"line":38,"column":6},"end":{"line":38,"column":13}},"22":{"start":{"line":40,"column":6},"end":{"line":40,"column":46}},"23":{"start":{"line":41,"column":6},"end":{"line":41,"column":27}},"24":{"start":{"line":42,"column":6},"end":{"line":42,"column":13}},"25":{"start":{"line":44,"column":6},"end":{"line":44,"column":40}},"26":{"start":{"line":45,"column":6},"end":{"line":45,"column":26}},"27":{"start":{"line":46,"column":6},"end":{"line":46,"column":13}},"28":{"start":{"line":48,"column":6},"end":{"line":48,"column":31}},"29":{"start":{"line":49,"column":6},"end":{"line":49,"column":13}},"30":{"start":{"line":51,"column":6},"end":{"line":51,"column":40}},"31":{"start":{"line":52,"column":6},"end":{"line":52,"column":13}},"32":{"start":{"line":54,"column":6},"end":{"line":54,"column":43}},"33":{"start":{"line":55,"column":6},"end":{"line":55,"column":12}},"34":{"start":{"line":57,"column":6},"end":{"line":57,"column":12}},"35":{"start":{"line":61,"column":2},"end":{"line":63,"column":17}},"36":{"start":{"line":62,"column":4},"end":{"line":62,"column":27}},"37":{"start":{"line":65,"column":2},"end":{"line":83,"column":4}},"38":{"start":{"line":78,"column":28},"end":{"line":78,"column":52}}},"fnMap":{"0":{"name":"(anonymous_0)","decl":{"start":{"line":8,"column":15},"end":{"line":8,"column":16}},"loc":{"start":{"line":8,"column":21},"end":{"line":84,"column":1}},"line":8},"1":{"name":"(anonymous_1)","decl":{"start":{"line":11,"column":30},"end":{"line":11,"column":31}},"loc":{"start":{"line":11,"column":36},"end":{"line":11,"column":38}},"line":11},"2":{"name":"(anonymous_2)","decl":{"start":{"line":17,"column":25},"end":{"line":17,"column":26}},"loc":{"start":{"line":17,"column":31},"end":{"line":59,"column":3}},"line":17},"3":{"name":"(anonymous_3)","decl":{"start":{"line":61,"column":12},"end":{"line":61,"column":13}},"loc":{"start":{"line":61,"column":18},"end":{"line":63,"column":3}},"line":61},"4":{"name":"(anonymous_4)","decl":{"start":{"line":78,"column":22},"end":{"line":78,"column":23}},"loc":{"start":{"line":78,"column":28},"end":{"line":78,"column":52}},"line":78}},"branchMap":{"0":{"loc":{"start":{"line":18,"column":4},"end":{"line":58,"column":5}},"type":"switch","locations":[{"start":{"line":19,"column":4},"end":{"line":22,"column":13}},{"start":{"line":23,"column":4},"end":{"line":26,"column":13}},{"start":{"line":27,"column":4},"end":{"line":29,"column":13}},{"start":{"line":30,"column":4},"end":{"line":32,"column":13}},{"start":{"line":33,"column":4},"end":{"line":35,"column":13}},{"start":{"line":36,"column":4},"end":{"line":38,"column":13}},{"start":{"line":39,"column":4},"end":{"line":42,"column":13}},{"start":{"line":43,"column":4},"end":{"line":46,"column":13}},{"start":{"line":47,"column":4},"end":{"line":49,"column":13}},{"start":{"line":50,"column":4},"end":{"line":52,"column":13}},{"start":{"line":53,"column":4},"end":{"line":55,"column":12}},{"start":{"line":56,"column":4},"end":{"line":57,"column":12}}],"line":18},"1":{"loc":{"start":{"line":72,"column":10},"end":{"line":79,"column":12}},"type":"binary-expr","locations":[{"start":{"line":72,"column":10},"end":{"line":72,"column":20}},{"start":{"line":73,"column":13},"end":{"line":79,"column":12}}],"line":72},"2":{"loc":{"start":{"line":81,"column":8},"end":{"line":81,"column":34}},"type":"binary-expr","locations":[{"start":{"line":81,"column":8},"end":{"line":81,"column":17}},{"start":{"line":81,"column":21},"end":{"line":81,"column":34}}],"line":81}},"s":{"0":5,"1":18,"2":18,"3":18,"4":18,"5":18,"6":18,"7":12,"8":0,"9":0,"10":0,"11":0,"12":0,"13":0,"14":0,"15":0,"16":0,"17":0,"18":0,"19":0,"20":0,"21":0,"22":0,"23":0,"24":0,"25":0,"26":0,"27":0,"28":0,"29":0,"30":1,"31":1,"32":1,"33":1,"34":10,"35":18,"36":12,"37":18,"38":0},"f":{"0":18,"1":0,"2":12,"3":12,"4":0},"b":{"0":[0,0,0,0,0,0,0,0,0,1,1,10],"1":[18,0],"2":[18,0]},"_coverageSchema":"43e27e138ebf9cfc5966b082cf9a028302ed4184","hash":"c831feac6559e27d63af83fcb892d062f2010120"}
,"/home/alinedebastiani/sd-08-project-recipes-app/src/components/IngredientsList.jsx": {"path":"/home/alinedebastiani/sd-08-project-recipes-app/src/components/IngredientsList.jsx","statementMap":{"0":{"start":{"line":8,"column":16},"end":{"line":8,"column":59}},"1":{"start":{"line":8,"column":39},"end":{"line":8,"column":58}},"2":{"start":{"line":9,"column":23},"end":{"line":9,"column":36}},"3":{"start":{"line":10,"column":21},"end":{"line":10,"column":61}},"4":{"start":{"line":11,"column":19},"end":{"line":11,"column":32}},"5":{"start":{"line":12,"column":48},"end":{"line":12,"column":79}},"6":{"start":{"line":14,"column":23},"end":{"line":20,"column":3}},"7":{"start":{"line":15,"column":4},"end":{"line":19,"column":5}},"8":{"start":{"line":16,"column":6},"end":{"line":16,"column":78}},"9":{"start":{"line":16,"column":62},"end":{"line":16,"column":75}},"10":{"start":{"line":18,"column":6},"end":{"line":18,"column":54}},"11":{"start":{"line":22,"column":2},"end":{"line":25,"column":14}},"12":{"start":{"line":23,"column":51},"end":{"line":23,"column":56}},"13":{"start":{"line":24,"column":4},"end":{"line":24,"column":84}},"14":{"start":{"line":27,"column":2},"end":{"line":31,"column":24}},"15":{"start":{"line":28,"column":4},"end":{"line":30,"column":5}},"16":{"start":{"line":29,"column":6},"end":{"line":29,"column":61}},"17":{"start":{"line":33,"column":2},"end":{"line":54,"column":3}},"18":{"start":{"line":34,"column":4},"end":{"line":53,"column":6}},"19":{"start":{"line":38,"column":12},"end":{"line":51,"column":20}},"20":{"start":{"line":46,"column":32},"end":{"line":46,"column":51}},"21":{"start":{"line":56,"column":2},"end":{"line":67,"column":4}},"22":{"start":{"line":60,"column":10},"end":{"line":65,"column":15}},"23":{"start":{"line":70,"column":0},"end":{"line":74,"column":2}}},"fnMap":{"0":{"name":"IngredientsList","decl":{"start":{"line":7,"column":9},"end":{"line":7,"column":24}},"loc":{"start":{"line":7,"column":52},"end":{"line":68,"column":1}},"line":7},"1":{"name":"(anonymous_1)","decl":{"start":{"line":8,"column":28},"end":{"line":8,"column":29}},"loc":{"start":{"line":8,"column":39},"end":{"line":8,"column":58}},"line":8},"2":{"name":"(anonymous_2)","decl":{"start":{"line":14,"column":23},"end":{"line":14,"column":24}},"loc":{"start":{"line":14,"column":34},"end":{"line":20,"column":3}},"line":14},"3":{"name":"(anonymous_3)","decl":{"start":{"line":16,"column":53},"end":{"line":16,"column":54}},"loc":{"start":{"line":16,"column":62},"end":{"line":16,"column":75}},"line":16},"4":{"name":"(anonymous_4)","decl":{"start":{"line":22,"column":12},"end":{"line":22,"column":13}},"loc":{"start":{"line":22,"column":18},"end":{"line":25,"column":3}},"line":22},"5":{"name":"(anonymous_5)","decl":{"start":{"line":27,"column":12},"end":{"line":27,"column":13}},"loc":{"start":{"line":27,"column":18},"end":{"line":31,"column":3}},"line":27},"6":{"name":"(anonymous_6)","decl":{"start":{"line":37,"column":15},"end":{"line":37,"column":16}},"loc":{"start":{"line":38,"column":12},"end":{"line":51,"column":20}},"line":38},"7":{"name":"(anonymous_7)","decl":{"start":{"line":46,"column":26},"end":{"line":46,"column":27}},"loc":{"start":{"line":46,"column":32},"end":{"line":46,"column":51}},"line":46},"8":{"name":"(anonymous_8)","decl":{"start":{"line":59,"column":13},"end":{"line":59,"column":14}},"loc":{"start":{"line":60,"column":10},"end":{"line":65,"column":15}},"line":60}},"branchMap":{"0":{"loc":{"start":{"line":12,"column":57},"end":{"line":12,"column":78}},"type":"binary-expr","locations":[{"start":{"line":12,"column":57},"end":{"line":12,"column":72}},{"start":{"line":12,"column":76},"end":{"line":12,"column":78}}],"line":12},"1":{"loc":{"start":{"line":15,"column":4},"end":{"line":19,"column":5}},"type":"if","locations":[{"start":{"line":15,"column":4},"end":{"line":19,"column":5}},{"start":{"line":15,"column":4},"end":{"line":19,"column":5}}],"line":15},"2":{"loc":{"start":{"line":28,"column":4},"end":{"line":30,"column":5}},"type":"if","locations":[{"start":{"line":28,"column":4},"end":{"line":30,"column":5}},{"start":{"line":28,"column":4},"end":{"line":30,"column":5}}],"line":28},"3":{"loc":{"start":{"line":33,"column":2},"end":{"line":54,"column":3}},"type":"if","locations":[{"start":{"line":33,"column":2},"end":{"line":54,"column":3}},{"start":{"line":33,"column":2},"end":{"line":54,"column":3}}],"line":33}},"s":{"0":0,"1":0,"2":0,"3":0,"4":0,"5":0,"6":0,"7":0,"8":0,"9":0,"10":0,"11":0,"12":0,"13":0,"14":0,"15":0,"16":0,"17":0,"18":0,"19":0,"20":0,"21":0,"22":0,"23":2},"f":{"0":0,"1":0,"2":0,"3":0,"4":0,"5":0,"6":0,"7":0,"8":0},"b":{"0":[0,0],"1":[0,0],"2":[0,0],"3":[0,0]},"_coverageSchema":"43e27e138ebf9cfc5966b082cf9a028302ed4184","hash":"701f51e9ac04038a3ac14fad18af599d40110831"}
,"/home/alinedebastiani/sd-08-project-recipes-app/src/components/Loading.jsx": {"path":"/home/alinedebastiani/sd-08-project-recipes-app/src/components/Loading.jsx","statementMap":{"0":{"start":{"line":4,"column":2},"end":{"line":6,"column":4}}},"fnMap":{"0":{"name":"Loading","decl":{"start":{"line":3,"column":9},"end":{"line":3,"column":16}},"loc":{"start":{"line":3,"column":19},"end":{"line":7,"column":1}},"line":3}},"branchMap":{},"s":{"0":0},"f":{"0":0},"b":{},"_coverageSchema":"43e27e138ebf9cfc5966b082cf9a028302ed4184","hash":"f39a35189a1b3b8ffb1e9723c9d035888d5b8b1d"}
,"/home/alinedebastiani/sd-08-project-recipes-app/src/components/ProfileIcon.jsx": {"path":"/home/alinedebastiani/sd-08-project-recipes-app/src/components/ProfileIcon.jsx","statementMap":{"0":{"start":{"line":5,"column":20},"end":{"line":16,"column":1}},"1":{"start":{"line":6,"column":18},"end":{"line":6,"column":30}},"2":{"start":{"line":7,"column":2},"end":{"line":15,"column":4}},"3":{"start":{"line":13,"column":22},"end":{"line":13,"column":45}}},"fnMap":{"0":{"name":"(anonymous_0)","decl":{"start":{"line":5,"column":20},"end":{"line":5,"column":21}},"loc":{"start":{"line":5,"column":26},"end":{"line":16,"column":1}},"line":5},"1":{"name":"(anonymous_1)","decl":{"start":{"line":13,"column":16},"end":{"line":13,"column":17}},"loc":{"start":{"line":13,"column":22},"end":{"line":13,"column":45}},"line":13}},"branchMap":{},"s":{"0":5,"1":18,"2":18,"3":1},"f":{"0":18,"1":1},"b":{},"_coverageSchema":"43e27e138ebf9cfc5966b082cf9a028302ed4184","hash":"c0913a46d7420dbdc5da094b83c88002d0de8dac"}
,"/home/alinedebastiani/sd-08-project-recipes-app/src/components/ProgressButton.jsx": {"path":"/home/alinedebastiani/sd-08-project-recipes-app/src/components/ProgressButton.jsx","statementMap":{"0":{"start":{"line":18,"column":23},"end":{"line":18,"column":36}},"1":{"start":{"line":19,"column":18},"end":{"line":19,"column":30}},"2":{"start":{"line":20,"column":21},"end":{"line":20,"column":61}},"3":{"start":{"line":21,"column":32},"end":{"line":21,"column":69}},"4":{"start":{"line":21,"column":55},"end":{"line":21,"column":68}},"5":{"start":{"line":22,"column":18},"end":{"line":22,"column":30}},"6":{"start":{"line":23,"column":19},"end":{"line":23,"column":32}},"7":{"start":{"line":25,"column":22},"end":{"line":34,"column":3}},"8":{"start":{"line":26,"column":4},"end":{"line":29,"column":5}},"9":{"start":{"line":27,"column":6},"end":{"line":27,"column":35}},"10":{"start":{"line":28,"column":6},"end":{"line":28,"column":13}},"11":{"start":{"line":30,"column":4},"end":{"line":32,"column":5}},"12":{"start":{"line":31,"column":6},"end":{"line":31,"column":48}},"13":{"start":{"line":33,"column":4},"end":{"line":33,"column":44}},"14":{"start":{"line":36,"column":2},"end":{"line":41,"column":13}},"15":{"start":{"line":37,"column":4},"end":{"line":40,"column":5}},"16":{"start":{"line":38,"column":6},"end":{"line":38,"column":64}},"17":{"start":{"line":39,"column":6},"end":{"line":39,"column":39}},"18":{"start":{"line":43,"column":21},"end":{"line":47,"column":3}},"19":{"start":{"line":44,"column":4},"end":{"line":44,"column":47}},"20":{"start":{"line":44,"column":20},"end":{"line":44,"column":47}},"21":{"start":{"line":45,"column":4},"end":{"line":45,"column":74}},"22":{"start":{"line":45,"column":47},"end":{"line":45,"column":74}},"23":{"start":{"line":46,"column":4},"end":{"line":46,"column":29}},"24":{"start":{"line":49,"column":2},"end":{"line":64,"column":4}},"25":{"start":{"line":50,"column":50},"end":{"line":50,"column":84}},"26":{"start":{"line":67,"column":0},"end":{"line":71,"column":2}}},"fnMap":{"0":{"name":"ProgressButton","decl":{"start":{"line":17,"column":9},"end":{"line":17,"column":23}},"loc":{"start":{"line":17,"column":57},"end":{"line":65,"column":1}},"line":17},"1":{"name":"(anonymous_1)","decl":{"start":{"line":21,"column":44},"end":{"line":21,"column":45}},"loc":{"start":{"line":21,"column":55},"end":{"line":21,"column":68}},"line":21},"2":{"name":"(anonymous_2)","decl":{"start":{"line":25,"column":22},"end":{"line":25,"column":23}},"loc":{"start":{"line":25,"column":28},"end":{"line":34,"column":3}},"line":25},"3":{"name":"(anonymous_3)","decl":{"start":{"line":36,"column":12},"end":{"line":36,"column":13}},"loc":{"start":{"line":36,"column":18},"end":{"line":41,"column":3}},"line":36},"4":{"name":"(anonymous_4)","decl":{"start":{"line":43,"column":21},"end":{"line":43,"column":22}},"loc":{"start":{"line":43,"column":27},"end":{"line":47,"column":3}},"line":43},"5":{"name":"(anonymous_5)","decl":{"start":{"line":50,"column":14},"end":{"line":50,"column":15}},"loc":{"start":{"line":50,"column":50},"end":{"line":50,"column":84}},"line":50}},"branchMap":{"0":{"loc":{"start":{"line":26,"column":4},"end":{"line":29,"column":5}},"type":"if","locations":[{"start":{"line":26,"column":4},"end":{"line":29,"column":5}},{"start":{"line":26,"column":4},"end":{"line":29,"column":5}}],"line":26},"1":{"loc":{"start":{"line":30,"column":4},"end":{"line":32,"column":5}},"type":"if","locations":[{"start":{"line":30,"column":4},"end":{"line":32,"column":5}},{"start":{"line":30,"column":4},"end":{"line":32,"column":5}}],"line":30},"2":{"loc":{"start":{"line":37,"column":4},"end":{"line":40,"column":5}},"type":"if","locations":[{"start":{"line":37,"column":4},"end":{"line":40,"column":5}},{"start":{"line":37,"column":4},"end":{"line":40,"column":5}}],"line":37},"3":{"loc":{"start":{"line":44,"column":4},"end":{"line":44,"column":47}},"type":"if","locations":[{"start":{"line":44,"column":4},"end":{"line":44,"column":47}},{"start":{"line":44,"column":4},"end":{"line":44,"column":47}}],"line":44},"4":{"loc":{"start":{"line":45,"column":4},"end":{"line":45,"column":74}},"type":"if","locations":[{"start":{"line":45,"column":4},"end":{"line":45,"column":74}},{"start":{"line":45,"column":4},"end":{"line":45,"column":74}}],"line":45},"5":{"loc":{"start":{"line":50,"column":4},"end":{"line":63,"column":11}},"type":"binary-expr","locations":[{"start":{"line":50,"column":4},"end":{"line":50,"column":85}},{"start":{"line":52,"column":12},"end":{"line":62,"column":21}}],"line":50},"6":{"loc":{"start":{"line":50,"column":50},"end":{"line":50,"column":84}},"type":"binary-expr","locations":[{"start":{"line":50,"column":50},"end":{"line":50,"column":63}},{"start":{"line":50,"column":67},"end":{"line":50,"column":84}}],"line":50},"7":{"loc":{"start":{"line":55,"column":28},"end":{"line":55,"column":81}},"type":"cond-expr","locations":[{"start":{"line":55,"column":41},"end":{"line":55,"column":60}},{"start":{"line":55,"column":63},"end":{"line":55,"column":81}}],"line":55},"8":{"loc":{"start":{"line":58,"column":25},"end":{"line":59,"column":70}},"type":"binary-expr","locations":[{"start":{"line":58,"column":25},"end":{"line":58,"column":35}},{"start":{"line":59,"column":18},"end":{"line":59,"column":70}}],"line":58},"9":{"loc":{"start":{"line":59,"column":19},"end":{"line":59,"column":40}},"type":"binary-expr","locations":[{"start":{"line":59,"column":19},"end":{"line":59,"column":34}},{"start":{"line":59,"column":38},"end":{"line":59,"column":40}}],"line":59}},"s":{"0":0,"1":0,"2":0,"3":0,"4":0,"5":0,"6":0,"7":0,"8":0,"9":0,"10":0,"11":0,"12":0,"13":0,"14":0,"15":0,"16":0,"17":0,"18":0,"19":0,"20":0,"21":0,"22":0,"23":0,"24":0,"25":0,"26":2},"f":{"0":0,"1":0,"2":0,"3":0,"4":0,"5":0},"b":{"0":[0,0],"1":[0,0],"2":[0,0],"3":[0,0],"4":[0,0],"5":[0,0],"6":[0,0],"7":[0,0],"8":[0,0],"9":[0,0]},"_coverageSchema":"43e27e138ebf9cfc5966b082cf9a028302ed4184","hash":"af28586bcf71863e072dbf0ce076db6d54022411"}
,"/home/alinedebastiani/sd-08-project-recipes-app/src/components/RecipeCard.jsx": {"path":"/home/alinedebastiani/sd-08-project-recipes-app/src/components/RecipeCard.jsx","statementMap":{"0":{"start":{"line":6,"column":2},"end":{"line":26,"column":4}},"1":{"start":{"line":29,"column":0},"end":{"line":31,"column":2}},"2":{"start":{"line":33,"column":0},"end":{"line":38,"column":2}}},"fnMap":{"0":{"name":"RecipeCard","decl":{"start":{"line":5,"column":9},"end":{"line":5,"column":19}},"loc":{"start":{"line":5,"column":61},"end":{"line":27,"column":1}},"line":5}},"branchMap":{"0":{"loc":{"start":{"line":16,"column":8},"end":{"line":17,"column":84}},"type":"binary-expr","locations":[{"start":{"line":16,"column":8},"end":{"line":16,"column":22}},{"start":{"line":17,"column":13},"end":{"line":17,"column":84}}],"line":16},"1":{"loc":{"start":{"line":17,"column":18},"end":{"line":17,"column":78}},"type":"cond-expr","locations":[{"start":{"line":17,"column":39},"end":{"line":17,"column":54}},{"start":{"line":17,"column":57},"end":{"line":17,"column":78}}],"line":17},"2":{"loc":{"start":{"line":20,"column":10},"end":{"line":20,"column":80}},"type":"cond-expr","locations":[{"start":{"line":20,"column":27},"end":{"line":20,"column":57}},{"start":{"line":20,"column":60},"end":{"line":20,"column":80}}],"line":20}},"s":{"0":0,"1":2,"2":2},"f":{"0":0},"b":{"0":[0,0],"1":[0,0],"2":[0,0]},"_coverageSchema":"43e27e138ebf9cfc5966b082cf9a028302ed4184","hash":"ece38abaeaf87d3dbb54ee7b0ffdcc58efb11bbe"}
,"/home/alinedebastiani/sd-08-project-recipes-app/src/components/SearchBar.jsx": {"path":"/home/alinedebastiani/sd-08-project-recipes-app/src/components/SearchBar.jsx","statementMap":{"0":{"start":{"line":6,"column":18},"end":{"line":91,"column":1}},"1":{"start":{"line":7,"column":30},"end":{"line":7,"column":42}},"2":{"start":{"line":8,"column":38},"end":{"line":8,"column":50}},"3":{"start":{"line":10,"column":19},"end":{"line":10,"column":32}},"4":{"start":{"line":11,"column":23},"end":{"line":11,"column":36}},"5":{"start":{"line":12,"column":41},"end":{"line":12,"column":76}},"6":{"start":{"line":12,"column":64},"end":{"line":12,"column":75}},"7":{"start":{"line":17,"column":24},"end":{"line":33,"column":3}},"8":{"start":{"line":18,"column":4},"end":{"line":18,"column":23}},"9":{"start":{"line":19,"column":4},"end":{"line":22,"column":5}},"10":{"start":{"line":20,"column":6},"end":{"line":20,"column":61}},"11":{"start":{"line":21,"column":6},"end":{"line":21,"column":13}},"12":{"start":{"line":23,"column":18},"end":{"line":23,"column":70}},"13":{"start":{"line":24,"column":4},"end":{"line":28,"column":5}},"14":{"start":{"line":25,"column":6},"end":{"line":26,"column":68}},"15":{"start":{"line":27,"column":6},"end":{"line":27,"column":13}},"16":{"start":{"line":29,"column":4},"end":{"line":31,"column":6}},"17":{"start":{"line":32,"column":4},"end":{"line":32,"column":22}},"18":{"start":{"line":35,"column":2},"end":{"line":90,"column":4}},"19":{"start":{"line":43,"column":30},"end":{"line":43,"column":59}},"20":{"start":{"line":54,"column":31},"end":{"line":54,"column":56}},"21":{"start":{"line":65,"column":31},"end":{"line":65,"column":56}},"22":{"start":{"line":76,"column":31},"end":{"line":76,"column":56}},"23":{"start":{"line":84,"column":29},"end":{"line":84,"column":46}}},"fnMap":{"0":{"name":"(anonymous_0)","decl":{"start":{"line":6,"column":18},"end":{"line":6,"column":19}},"loc":{"start":{"line":6,"column":24},"end":{"line":91,"column":1}},"line":6},"1":{"name":"(anonymous_1)","decl":{"start":{"line":12,"column":53},"end":{"line":12,"column":54}},"loc":{"start":{"line":12,"column":64},"end":{"line":12,"column":75}},"line":12},"2":{"name":"(anonymous_2)","decl":{"start":{"line":17,"column":24},"end":{"line":17,"column":25}},"loc":{"start":{"line":17,"column":31},"end":{"line":33,"column":3}},"line":17},"3":{"name":"(anonymous_3)","decl":{"start":{"line":43,"column":23},"end":{"line":43,"column":24}},"loc":{"start":{"line":43,"column":30},"end":{"line":43,"column":59}},"line":43},"4":{"name":"(anonymous_4)","decl":{"start":{"line":54,"column":24},"end":{"line":54,"column":25}},"loc":{"start":{"line":54,"column":31},"end":{"line":54,"column":56}},"line":54},"5":{"name":"(anonymous_5)","decl":{"start":{"line":65,"column":24},"end":{"line":65,"column":25}},"loc":{"start":{"line":65,"column":31},"end":{"line":65,"column":56}},"line":65},"6":{"name":"(anonymous_6)","decl":{"start":{"line":76,"column":24},"end":{"line":76,"column":25}},"loc":{"start":{"line":76,"column":31},"end":{"line":76,"column":56}},"line":76},"7":{"name":"(anonymous_7)","decl":{"start":{"line":84,"column":20},"end":{"line":84,"column":21}},"loc":{"start":{"line":84,"column":27},"end":{"line":84,"column":48}},"line":84}},"branchMap":{"0":{"loc":{"start":{"line":19,"column":4},"end":{"line":22,"column":5}},"type":"if","locations":[{"start":{"line":19,"column":4},"end":{"line":22,"column":5}},{"start":{"line":19,"column":4},"end":{"line":22,"column":5}}],"line":19},"1":{"loc":{"start":{"line":19,"column":8},"end":{"line":19,"column":47}},"type":"binary-expr","locations":[{"start":{"line":19,"column":8},"end":{"line":19,"column":22}},{"start":{"line":19,"column":26},"end":{"line":19,"column":47}}],"line":19},"2":{"loc":{"start":{"line":23,"column":18},"end":{"line":23,"column":70}},"type":"cond-expr","locations":[{"start":{"line":23,"column":43},"end":{"line":23,"column":53}},{"start":{"line":23,"column":56},"end":{"line":23,"column":70}}],"line":23},"3":{"loc":{"start":{"line":24,"column":4},"end":{"line":28,"column":5}},"type":"if","locations":[{"start":{"line":24,"column":4},"end":{"line":28,"column":5}},{"start":{"line":24,"column":4},"end":{"line":28,"column":5}}],"line":24}},"s":{"0":5,"1":0,"2":0,"3":0,"4":0,"5":0,"6":0,"7":0,"8":0,"9":0,"10":0,"11":0,"12":0,"13":0,"14":0,"15":0,"16":0,"17":0,"18":0,"19":0,"20":0,"21":0,"22":0,"23":0},"f":{"0":0,"1":0,"2":0,"3":0,"4":0,"5":0,"6":0,"7":0},"b":{"0":[0,0],"1":[0,0],"2":[0,0],"3":[0,0]},"_coverageSchema":"43e27e138ebf9cfc5966b082cf9a028302ed4184","hash":"f9c223fd101341d96f7c0fd0a4f9fe6994e6fbab"}
,"/home/alinedebastiani/sd-08-project-recipes-app/src/components/ShareButton.jsx": {"path":"/home/alinedebastiani/sd-08-project-recipes-app/src/components/ShareButton.jsx","statementMap":{"0":{"start":{"line":7,"column":30},"end":{"line":7,"column":45}},"1":{"start":{"line":9,"column":22},"end":{"line":12,"column":3}},"2":{"start":{"line":10,"column":4},"end":{"line":10,"column":54}},"3":{"start":{"line":11,"column":4},"end":{"line":11,"column":20}},"4":{"start":{"line":14,"column":2},"end":{"line":29,"column":4}},"5":{"start":{"line":32,"column":0},"end":{"line":36,"column":2}}},"fnMap":{"0":{"name":"ShareButton","decl":{"start":{"line":6,"column":9},"end":{"line":6,"column":20}},"loc":{"start":{"line":6,"column":42},"end":{"line":30,"column":1}},"line":6},"1":{"name":"(anonymous_1)","decl":{"start":{"line":9,"column":22},"end":{"line":9,"column":23}},"loc":{"start":{"line":9,"column":34},"end":{"line":12,"column":3}},"line":9}},"branchMap":{"0":{"loc":{"start":{"line":21,"column":24},"end":{"line":22,"column":59}},"type":"cond-expr","locations":[{"start":{"line":22,"column":14},"end":{"line":22,"column":45}},{"start":{"line":22,"column":48},"end":{"line":22,"column":59}}],"line":21},"1":{"loc":{"start":{"line":27,"column":8},"end":{"line":27,"column":33}},"type":"binary-expr","locations":[{"start":{"line":27,"column":8},"end":{"line":27,"column":14}},{"start":{"line":27,"column":18},"end":{"line":27,"column":33}}],"line":27}},"s":{"0":0,"1":0,"2":0,"3":0,"4":0,"5":4},"f":{"0":0,"1":0},"b":{"0":[0,0],"1":[0,0]},"_coverageSchema":"43e27e138ebf9cfc5966b082cf9a028302ed4184","hash":"91cb2fd2fe0526402593c0f183adfb0190bca7db"}
,"/home/alinedebastiani/sd-08-project-recipes-app/src/pages/Explore.js": {"path":"/home/alinedebastiani/sd-08-project-recipes-app/src/pages/Explore.js","statementMap":{"0":{"start":{"line":7,"column":2},"end":{"line":26,"column":4}}},"fnMap":{"0":{"name":"Explore","decl":{"start":{"line":6,"column":9},"end":{"line":6,"column":16}},"loc":{"start":{"line":6,"column":19},"end":{"line":27,"column":1}},"line":6}},"branchMap":{},"s":{"0":0},"f":{"0":0},"b":{},"_coverageSchema":"43e27e138ebf9cfc5966b082cf9a028302ed4184","hash":"df18ac12b1a32b66cceb512786588492b989a791"}
,"/home/alinedebastiani/sd-08-project-recipes-app/src/pages/ExploreIngredients.js": {"path":"/home/alinedebastiani/sd-08-project-recipes-app/src/pages/ExploreIngredients.js","statementMap":{"0":{"start":{"line":11,"column":15},"end":{"line":11,"column":37}},"1":{"start":{"line":12,"column":41},"end":{"line":12,"column":76}},"2":{"start":{"line":12,"column":64},"end":{"line":12,"column":75}},"3":{"start":{"line":13,"column":36},"end":{"line":13,"column":73}},"4":{"start":{"line":13,"column":59},"end":{"line":13,"column":72}},"5":{"start":{"line":14,"column":19},"end":{"line":14,"column":32}},"6":{"start":{"line":15,"column":46},"end":{"line":15,"column":61}},"7":{"start":{"line":17,"column":2},"end":{"line":21,"column":9}},"8":{"start":{"line":18,"column":20},"end":{"line":18,"column":68}},"9":{"start":{"line":19,"column":18},"end":{"line":19,"column":66}},"10":{"start":{"line":20,"column":4},"end":{"line":20,"column":49}},"11":{"start":{"line":23,"column":22},"end":{"line":26,"column":3}},"12":{"start":{"line":24,"column":4},"end":{"line":24,"column":28}},"13":{"start":{"line":25,"column":4},"end":{"line":25,"column":42}},"14":{"start":{"line":28,"column":2},"end":{"line":28,"column":39}},"15":{"start":{"line":28,"column":18},"end":{"line":28,"column":39}},"16":{"start":{"line":29,"column":2},"end":{"line":72,"column":4}},"17":{"start":{"line":34,"column":22},"end":{"line":34,"column":95}},"18":{"start":{"line":35,"column":10},"end":{"line":49,"column":12}},"19":{"start":{"line":39,"column":30},"end":{"line":39,"column":56}},"20":{"start":{"line":52,"column":22},"end":{"line":52,"column":100}},"21":{"start":{"line":53,"column":10},"end":{"line":67,"column":12}},"22":{"start":{"line":57,"column":30},"end":{"line":57,"column":57}},"23":{"start":{"line":75,"column":0},"end":{"line":79,"column":2}}},"fnMap":{"0":{"name":"ExploreIngredients","decl":{"start":{"line":10,"column":9},"end":{"line":10,"column":27}},"loc":{"start":{"line":10,"column":56},"end":{"line":73,"column":1}},"line":10},"1":{"name":"(anonymous_1)","decl":{"start":{"line":12,"column":53},"end":{"line":12,"column":54}},"loc":{"start":{"line":12,"column":64},"end":{"line":12,"column":75}},"line":12},"2":{"name":"(anonymous_2)","decl":{"start":{"line":13,"column":48},"end":{"line":13,"column":49}},"loc":{"start":{"line":13,"column":59},"end":{"line":13,"column":72}},"line":13},"3":{"name":"(anonymous_3)","decl":{"start":{"line":17,"column":12},"end":{"line":17,"column":13}},"loc":{"start":{"line":17,"column":18},"end":{"line":21,"column":3}},"line":17},"4":{"name":"(anonymous_4)","decl":{"start":{"line":23,"column":22},"end":{"line":23,"column":23}},"loc":{"start":{"line":23,"column":38},"end":{"line":26,"column":3}},"line":23},"5":{"name":"(anonymous_5)","decl":{"start":{"line":33,"column":19},"end":{"line":33,"column":20}},"loc":{"start":{"line":33,"column":63},"end":{"line":50,"column":9}},"line":33},"6":{"name":"(anonymous_6)","decl":{"start":{"line":39,"column":24},"end":{"line":39,"column":25}},"loc":{"start":{"line":39,"column":30},"end":{"line":39,"column":56}},"line":39},"7":{"name":"(anonymous_7)","decl":{"start":{"line":51,"column":19},"end":{"line":51,"column":20}},"loc":{"start":{"line":51,"column":50},"end":{"line":68,"column":9}},"line":51},"8":{"name":"(anonymous_8)","decl":{"start":{"line":57,"column":24},"end":{"line":57,"column":25}},"loc":{"start":{"line":57,"column":30},"end":{"line":57,"column":57}},"line":57}},"branchMap":{"0":{"loc":{"start":{"line":13,"column":10},"end":{"line":13,"column":19}},"type":"default-arg","locations":[{"start":{"line":13,"column":17},"end":{"line":13,"column":19}}],"line":13},"1":{"loc":{"start":{"line":19,"column":18},"end":{"line":19,"column":66}},"type":"cond-expr","locations":[{"start":{"line":19,"column":39},"end":{"line":19,"column":49}},{"start":{"line":19,"column":52},"end":{"line":19,"column":66}}],"line":19},"2":{"loc":{"start":{"line":28,"column":2},"end":{"line":28,"column":39}},"type":"if","locations":[{"start":{"line":28,"column":2},"end":{"line":28,"column":39}},{"start":{"line":28,"column":2},"end":{"line":28,"column":39}}],"line":28},"3":{"loc":{"start":{"line":32,"column":8},"end":{"line":68,"column":10}},"type":"cond-expr","locations":[{"start":{"line":33,"column":10},"end":{"line":50,"column":10}},{"start":{"line":51,"column":10},"end":{"line":68,"column":10}}],"line":32},"4":{"loc":{"start":{"line":69,"column":8},"end":{"line":69,"column":61}},"type":"binary-expr","locations":[{"start":{"line":69,"column":8},"end":{"line":69,"column":22}},{"start":{"line":69,"column":26},"end":{"line":69,"column":61}}],"line":69}},"s":{"0":0,"1":0,"2":0,"3":0,"4":0,"5":0,"6":0,"7":0,"8":0,"9":0,"10":0,"11":0,"12":0,"13":0,"14":0,"15":0,"16":0,"17":0,"18":0,"19":0,"20":0,"21":0,"22":0,"23":2},"f":{"0":0,"1":0,"2":0,"3":0,"4":0,"5":0,"6":0,"7":0,"8":0},"b":{"0":[0],"1":[0,0],"2":[0,0],"3":[0,0],"4":[0,0]},"_coverageSchema":"43e27e138ebf9cfc5966b082cf9a028302ed4184","hash":"897d3b7d6f2f0289dd360fca1850afebeb5726a6"}
,"/home/alinedebastiani/sd-08-project-recipes-app/src/pages/ExploreMain.js": {"path":"/home/alinedebastiani/sd-08-project-recipes-app/src/pages/ExploreMain.js","statementMap":{"0":{"start":{"line":10,"column":15},"end":{"line":10,"column":37}},"1":{"start":{"line":11,"column":41},"end":{"line":11,"column":76}},"2":{"start":{"line":11,"column":64},"end":{"line":11,"column":75}},"3":{"start":{"line":12,"column":19},"end":{"line":12,"column":56}},"4":{"start":{"line":12,"column":42},"end":{"line":12,"column":55}},"5":{"start":{"line":13,"column":19},"end":{"line":13,"column":32}},"6":{"start":{"line":14,"column":22},"end":{"line":14,"column":34}},"7":{"start":{"line":15,"column":19},"end":{"line":15,"column":31}},"8":{"start":{"line":17,"column":22},"end":{"line":20,"column":3}},"9":{"start":{"line":18,"column":18},"end":{"line":18,"column":66}},"10":{"start":{"line":19,"column":4},"end":{"line":19,"column":72}},"11":{"start":{"line":22,"column":2},"end":{"line":27,"column":13}},"12":{"start":{"line":23,"column":4},"end":{"line":25,"column":5}},"13":{"start":{"line":24,"column":6},"end":{"line":24,"column":24}},"14":{"start":{"line":26,"column":4},"end":{"line":26,"column":27}},"15":{"start":{"line":26,"column":17},"end":{"line":26,"column":26}},"16":{"start":{"line":29,"column":2},"end":{"line":58,"column":4}},"17":{"start":{"line":60,"column":0},"end":{"line":64,"column":2}}},"fnMap":{"0":{"name":"ExploreMain","decl":{"start":{"line":9,"column":9},"end":{"line":9,"column":20}},"loc":{"start":{"line":9,"column":49},"end":{"line":59,"column":1}},"line":9},"1":{"name":"(anonymous_1)","decl":{"start":{"line":11,"column":53},"end":{"line":11,"column":54}},"loc":{"start":{"line":11,"column":64},"end":{"line":11,"column":75}},"line":11},"2":{"name":"(anonymous_2)","decl":{"start":{"line":12,"column":31},"end":{"line":12,"column":32}},"loc":{"start":{"line":12,"column":42},"end":{"line":12,"column":55}},"line":12},"3":{"name":"(anonymous_3)","decl":{"start":{"line":17,"column":22},"end":{"line":17,"column":23}},"loc":{"start":{"line":17,"column":28},"end":{"line":20,"column":3}},"line":17},"4":{"name":"(anonymous_4)","decl":{"start":{"line":22,"column":12},"end":{"line":22,"column":13}},"loc":{"start":{"line":22,"column":18},"end":{"line":27,"column":3}},"line":22},"5":{"name":"(anonymous_5)","decl":{"start":{"line":26,"column":11},"end":{"line":26,"column":12}},"loc":{"start":{"line":26,"column":17},"end":{"line":26,"column":26}},"line":26}},"branchMap":{"0":{"loc":{"start":{"line":18,"column":18},"end":{"line":18,"column":66}},"type":"cond-expr","locations":[{"start":{"line":18,"column":39},"end":{"line":18,"column":49}},{"start":{"line":18,"column":52},"end":{"line":18,"column":66}}],"line":18},"1":{"loc":{"start":{"line":23,"column":4},"end":{"line":25,"column":5}},"type":"if","locations":[{"start":{"line":23,"column":4},"end":{"line":25,"column":5}},{"start":{"line":23,"column":4},"end":{"line":25,"column":5}}],"line":23},"2":{"loc":{"start":{"line":39,"column":8},"end":{"line":46,"column":16}},"type":"binary-expr","locations":[{"start":{"line":39,"column":9},"end":{"line":39,"column":27}},{"start":{"line":40,"column":8},"end":{"line":46,"column":15}}],"line":39},"3":{"loc":{"start":{"line":55,"column":8},"end":{"line":55,"column":52}},"type":"binary-expr","locations":[{"start":{"line":55,"column":8},"end":{"line":55,"column":10}},{"start":{"line":55,"column":14},"end":{"line":55,"column":52}}],"line":55}},"s":{"0":0,"1":0,"2":0,"3":0,"4":0,"5":0,"6":0,"7":0,"8":0,"9":0,"10":0,"11":0,"12":0,"13":0,"14":0,"15":0,"16":0,"17":2},"f":{"0":0,"1":0,"2":0,"3":0,"4":0,"5":0},"b":{"0":[0,0],"1":[0,0],"2":[0,0],"3":[0,0]},"_coverageSchema":"43e27e138ebf9cfc5966b082cf9a028302ed4184","hash":"7bd5e61f7f650def120f3df03a0e64a4494b80ec"}
,"/home/alinedebastiani/sd-08-project-recipes-app/src/pages/ExploreOrigin.js": {"path":"/home/alinedebastiani/sd-08-project-recipes-app/src/pages/ExploreOrigin.js","statementMap":{"0":{"start":{"line":10,"column":43},"end":{"line":10,"column":80}},"1":{"start":{"line":10,"column":66},"end":{"line":10,"column":79}},"2":{"start":{"line":11,"column":25},"end":{"line":11,"column":60}},"3":{"start":{"line":11,"column":48},"end":{"line":11,"column":59}},"4":{"start":{"line":12,"column":19},"end":{"line":12,"column":32}},"5":{"start":{"line":13,"column":38},"end":{"line":13,"column":50}},"6":{"start":{"line":15,"column":2},"end":{"line":18,"column":9}},"7":{"start":{"line":16,"column":4},"end":{"line":16,"column":37}},"8":{"start":{"line":17,"column":4},"end":{"line":17,"column":50}},"9":{"start":{"line":20,"column":23},"end":{"line":24,"column":3}},"10":{"start":{"line":21,"column":4},"end":{"line":21,"column":32}},"11":{"start":{"line":22,"column":20},"end":{"line":22,"column":76}},"12":{"start":{"line":23,"column":4},"end":{"line":23,"column":59}},"13":{"start":{"line":25,"column":2},"end":{"line":25,"column":58}},"14":{"start":{"line":25,"column":39},"end":{"line":25,"column":58}},"15":{"start":{"line":26,"column":2},"end":{"line":53,"column":4}},"16":{"start":{"line":35,"column":10},"end":{"line":41,"column":19}},"17":{"start":{"line":45,"column":8},"end":{"line":50,"column":10}}},"fnMap":{"0":{"name":"ExploreOrigin","decl":{"start":{"line":9,"column":9},"end":{"line":9,"column":22}},"loc":{"start":{"line":9,"column":25},"end":{"line":54,"column":1}},"line":9},"1":{"name":"(anonymous_1)","decl":{"start":{"line":10,"column":55},"end":{"line":10,"column":56}},"loc":{"start":{"line":10,"column":66},"end":{"line":10,"column":79}},"line":10},"2":{"name":"(anonymous_2)","decl":{"start":{"line":11,"column":37},"end":{"line":11,"column":38}},"loc":{"start":{"line":11,"column":48},"end":{"line":11,"column":59}},"line":11},"3":{"name":"(anonymous_3)","decl":{"start":{"line":15,"column":12},"end":{"line":15,"column":13}},"loc":{"start":{"line":15,"column":18},"end":{"line":18,"column":3}},"line":15},"4":{"name":"(anonymous_4)","decl":{"start":{"line":20,"column":23},"end":{"line":20,"column":24}},"loc":{"start":{"line":20,"column":39},"end":{"line":24,"column":3}},"line":20},"5":{"name":"(anonymous_5)","decl":{"start":{"line":34,"column":60},"end":{"line":34,"column":61}},"loc":{"start":{"line":35,"column":10},"end":{"line":41,"column":19}},"line":35},"6":{"name":"(anonymous_6)","decl":{"start":{"line":44,"column":25},"end":{"line":44,"column":26}},"loc":{"start":{"line":45,"column":8},"end":{"line":50,"column":10}},"line":45}},"branchMap":{"0":{"loc":{"start":{"line":10,"column":10},"end":{"line":10,"column":19}},"type":"default-arg","locations":[{"start":{"line":10,"column":17},"end":{"line":10,"column":19}}],"line":10},"1":{"loc":{"start":{"line":25,"column":2},"end":{"line":25,"column":58}},"type":"if","locations":[{"start":{"line":25,"column":2},"end":{"line":25,"column":58}},{"start":{"line":25,"column":2},"end":{"line":25,"column":58}}],"line":25},"2":{"loc":{"start":{"line":25,"column":6},"end":{"line":25,"column":37}},"type":"binary-expr","locations":[{"start":{"line":25,"column":6},"end":{"line":25,"column":16}},{"start":{"line":25,"column":20},"end":{"line":25,"column":37}}],"line":25},"3":{"loc":{"start":{"line":34,"column":10},"end":{"line":42,"column":10}},"type":"binary-expr","locations":[{"start":{"line":34,"column":10},"end":{"line":34,"column":15}},{"start":{"line":34,"column":19},"end":{"line":42,"column":10}}],"line":34},"4":{"loc":{"start":{"line":44,"column":8},"end":{"line":50,"column":12}},"type":"binary-expr","locations":[{"start":{"line":44,"column":8},"end":{"line":44,"column":12}},{"start":{"line":44,"column":16},"end":{"line":50,"column":12}}],"line":44}},"s":{"0":0,"1":0,"2":0,"3":0,"4":0,"5":0,"6":0,"7":0,"8":0,"9":0,"10":0,"11":0,"12":0,"13":0,"14":0,"15":0,"16":0,"17":0},"f":{"0":0,"1":0,"2":0,"3":0,"4":0,"5":0,"6":0},"b":{"0":[0],"1":[0,0],"2":[0,0],"3":[0,0],"4":[0,0]},"_coverageSchema":"43e27e138ebf9cfc5966b082cf9a028302ed4184","hash":"3731b816c2c716c255b28a117ce58243e8fd4149"}
,"/home/alinedebastiani/sd-08-project-recipes-app/src/pages/Login.js": {"path":"/home/alinedebastiani/sd-08-project-recipes-app/src/pages/Login.js","statementMap":{"0":{"start":{"line":7,"column":19},"end":{"line":7,"column":32}},"1":{"start":{"line":8,"column":28},"end":{"line":8,"column":40}},"2":{"start":{"line":9,"column":34},"end":{"line":9,"column":46}},"3":{"start":{"line":10,"column":34},"end":{"line":10,"column":49}},"4":{"start":{"line":12,"column":54},"end":{"line":12,"column":89}},"5":{"start":{"line":12,"column":77},"end":{"line":12,"column":88}},"6":{"start":{"line":14,"column":21},"end":{"line":23,"column":3}},"7":{"start":{"line":15,"column":28},"end":{"line":15,"column":29}},"8":{"start":{"line":16,"column":18},"end":{"line":16,"column":35}},"9":{"start":{"line":17,"column":25},"end":{"line":17,"column":42}},"10":{"start":{"line":18,"column":28},"end":{"line":18,"column":61}},"11":{"start":{"line":19,"column":4},"end":{"line":21,"column":5}},"12":{"start":{"line":20,"column":6},"end":{"line":20,"column":19}},"13":{"start":{"line":22,"column":4},"end":{"line":22,"column":16}},"14":{"start":{"line":25,"column":23},"end":{"line":28,"column":3}},"15":{"start":{"line":26,"column":4},"end":{"line":26,"column":27}},"16":{"start":{"line":27,"column":4},"end":{"line":27,"column":27}},"17":{"start":{"line":30,"column":2},"end":{"line":37,"column":13}},"18":{"start":{"line":31,"column":4},"end":{"line":36,"column":5}},"19":{"start":{"line":32,"column":6},"end":{"line":32,"column":53}},"20":{"start":{"line":33,"column":6},"end":{"line":33,"column":68}},"21":{"start":{"line":34,"column":6},"end":{"line":34,"column":61}},"22":{"start":{"line":35,"column":6},"end":{"line":35,"column":24}},"23":{"start":{"line":39,"column":2},"end":{"line":39,"column":50}},"24":{"start":{"line":39,"column":16},"end":{"line":39,"column":50}},"25":{"start":{"line":41,"column":2},"end":{"line":73,"column":4}},"26":{"start":{"line":50,"column":37},"end":{"line":50,"column":59}},"27":{"start":{"line":61,"column":37},"end":{"line":61,"column":62}}},"fnMap":{"0":{"name":"Login","decl":{"start":{"line":6,"column":9},"end":{"line":6,"column":14}},"loc":{"start":{"line":6,"column":17},"end":{"line":74,"column":1}},"line":6},"1":{"name":"(anonymous_1)","decl":{"start":{"line":12,"column":66},"end":{"line":12,"column":67}},"loc":{"start":{"line":12,"column":77},"end":{"line":12,"column":88}},"line":12},"2":{"name":"(anonymous_2)","decl":{"start":{"line":14,"column":21},"end":{"line":14,"column":22}},"loc":{"start":{"line":14,"column":27},"end":{"line":23,"column":3}},"line":14},"3":{"name":"(anonymous_3)","decl":{"start":{"line":25,"column":23},"end":{"line":25,"column":24}},"loc":{"start":{"line":25,"column":34},"end":{"line":28,"column":3}},"line":25},"4":{"name":"(anonymous_4)","decl":{"start":{"line":30,"column":12},"end":{"line":30,"column":13}},"loc":{"start":{"line":30,"column":18},"end":{"line":37,"column":3}},"line":30},"5":{"name":"(anonymous_5)","decl":{"start":{"line":50,"column":21},"end":{"line":50,"column":22}},"loc":{"start":{"line":50,"column":37},"end":{"line":50,"column":59}},"line":50},"6":{"name":"(anonymous_6)","decl":{"start":{"line":61,"column":21},"end":{"line":61,"column":22}},"loc":{"start":{"line":61,"column":37},"end":{"line":61,"column":62}},"line":61}},"branchMap":{"0":{"loc":{"start":{"line":19,"column":4},"end":{"line":21,"column":5}},"type":"if","locations":[{"start":{"line":19,"column":4},"end":{"line":21,"column":5}},{"start":{"line":19,"column":4},"end":{"line":21,"column":5}}],"line":19},"1":{"loc":{"start":{"line":19,"column":8},"end":{"line":19,"column":39}},"type":"binary-expr","locations":[{"start":{"line":19,"column":8},"end":{"line":19,"column":23}},{"start":{"line":19,"column":27},"end":{"line":19,"column":39}}],"line":19},"2":{"loc":{"start":{"line":31,"column":4},"end":{"line":36,"column":5}},"type":"if","locations":[{"start":{"line":31,"column":4},"end":{"line":36,"column":5}},{"start":{"line":31,"column":4},"end":{"line":36,"column":5}}],"line":31},"3":{"loc":{"start":{"line":39,"column":2},"end":{"line":39,"column":50}},"type":"if","locations":[{"start":{"line":39,"column":2},"end":{"line":39,"column":50}},{"start":{"line":39,"column":2},"end":{"line":39,"column":50}}],"line":39}},"s":{"0":121,"1":121,"2":121,"3":121,"4":121,"5":131,"6":121,"7":120,"8":120,"9":120,"10":120,"11":120,"12":3,"13":117,"14":121,"15":1,"16":1,"17":121,"18":8,"19":1,"20":1,"21":1,"22":1,"23":121,"24":1,"25":120,"26":75,"27":37},"f":{"0":121,"1":131,"2":120,"3":1,"4":8,"5":75,"6":37},"b":{"0":[3,117],"1":[120,3],"2":[1,7],"3":[1,120]},"_coverageSchema":"43e27e138ebf9cfc5966b082cf9a028302ed4184","hash":"24c953e3d29b9837332370568dd3aba04b21d20d"}
,"/home/alinedebastiani/sd-08-project-recipes-app/src/pages/Main.jsx": {"path":"/home/alinedebastiani/sd-08-project-recipes-app/src/pages/Main.jsx","statementMap":{"0":{"start":{"line":16,"column":6},"end":{"line":16,"column":43}},"1":{"start":{"line":16,"column":29},"end":{"line":16,"column":42}},"2":{"start":{"line":17,"column":19},"end":{"line":17,"column":32}},"3":{"start":{"line":18,"column":18},"end":{"line":18,"column":30}},"4":{"start":{"line":19,"column":15},"end":{"line":19,"column":32}},"5":{"start":{"line":20,"column":16},"end":{"line":20,"column":17}},"6":{"start":{"line":22,"column":24},"end":{"line":38,"column":3}},"7":{"start":{"line":23,"column":4},"end":{"line":26,"column":5}},"8":{"start":{"line":24,"column":6},"end":{"line":24,"column":80}},"9":{"start":{"line":25,"column":6},"end":{"line":25,"column":13}},"10":{"start":{"line":27,"column":4},"end":{"line":30,"column":5}},"11":{"start":{"line":28,"column":6},"end":{"line":28,"column":48}},"12":{"start":{"line":29,"column":6},"end":{"line":29,"column":13}},"13":{"start":{"line":31,"column":4},"end":{"line":37,"column":11}},"14":{"start":{"line":32,"column":6},"end":{"line":37,"column":8}},"15":{"start":{"line":40,"column":2},"end":{"line":49,"column":17}},"16":{"start":{"line":41,"column":20},"end":{"line":41,"column":76}},"17":{"start":{"line":42,"column":4},"end":{"line":42,"column":43}},"18":{"start":{"line":43,"column":4},"end":{"line":48,"column":5}},"19":{"start":{"line":44,"column":6},"end":{"line":44,"column":51}},"20":{"start":{"line":45,"column":6},"end":{"line":45,"column":36}},"21":{"start":{"line":47,"column":6},"end":{"line":47,"column":42}},"22":{"start":{"line":51,"column":2},"end":{"line":61,"column":4}},"23":{"start":{"line":56,"column":10},"end":{"line":56,"column":86}},"24":{"start":{"line":64,"column":0},"end":{"line":68,"column":2}}},"fnMap":{"0":{"name":"Main","decl":{"start":{"line":13,"column":9},"end":{"line":13,"column":13}},"loc":{"start":{"line":13,"column":42},"end":{"line":62,"column":1}},"line":13},"1":{"name":"(anonymous_1)","decl":{"start":{"line":16,"column":18},"end":{"line":16,"column":19}},"loc":{"start":{"line":16,"column":29},"end":{"line":16,"column":42}},"line":16},"2":{"name":"(anonymous_2)","decl":{"start":{"line":22,"column":24},"end":{"line":22,"column":25}},"loc":{"start":{"line":22,"column":30},"end":{"line":38,"column":3}},"line":22},"3":{"name":"(anonymous_3)","decl":{"start":{"line":31,"column":20},"end":{"line":31,"column":21}},"loc":{"start":{"line":32,"column":6},"end":{"line":37,"column":8}},"line":32},"4":{"name":"(anonymous_4)","decl":{"start":{"line":40,"column":12},"end":{"line":40,"column":13}},"loc":{"start":{"line":40,"column":18},"end":{"line":49,"column":3}},"line":40},"5":{"name":"(anonymous_5)","decl":{"start":{"line":55,"column":13},"end":{"line":55,"column":14}},"loc":{"start":{"line":56,"column":10},"end":{"line":56,"column":86}},"line":56}},"branchMap":{"0":{"loc":{"start":{"line":23,"column":4},"end":{"line":26,"column":5}},"type":"if","locations":[{"start":{"line":23,"column":4},"end":{"line":26,"column":5}},{"start":{"line":23,"column":4},"end":{"line":26,"column":5}}],"line":23},"1":{"loc":{"start":{"line":27,"column":4},"end":{"line":30,"column":5}},"type":"if","locations":[{"start":{"line":27,"column":4},"end":{"line":30,"column":5}},{"start":{"line":27,"column":4},"end":{"line":30,"column":5}}],"line":27},"2":{"loc":{"start":{"line":27,"column":8},"end":{"line":27,"column":42}},"type":"binary-expr","locations":[{"start":{"line":27,"column":8},"end":{"line":27,"column":25}},{"start":{"line":27,"column":29},"end":{"line":27,"column":42}}],"line":27},"3":{"loc":{"start":{"line":43,"column":4},"end":{"line":48,"column":5}},"type":"if","locations":[{"start":{"line":43,"column":4},"end":{"line":48,"column":5}},{"start":{"line":43,"column":4},"end":{"line":48,"column":5}}],"line":43},"4":{"loc":{"start":{"line":58,"column":8},"end":{"line":58,"column":50}},"type":"cond-expr","locations":[{"start":{"line":58,"column":21},"end":{"line":58,"column":32}},{"start":{"line":58,"column":35},"end":{"line":58,"column":50}}],"line":58}},"s":{"0":0,"1":0,"2":0,"3":0,"4":0,"5":0,"6":0,"7":0,"8":0,"9":0,"10":0,"11":0,"12":0,"13":0,"14":0,"15":0,"16":0,"17":0,"18":0,"19":0,"20":0,"21":0,"22":0,"23":0,"24":2},"f":{"0":0,"1":0,"2":0,"3":0,"4":0,"5":0},"b":{"0":[0,0],"1":[0,0],"2":[0,0],"3":[0,0],"4":[0,0]},"_coverageSchema":"43e27e138ebf9cfc5966b082cf9a028302ed4184","hash":"9216d060fa2e8dc695ccdff497c6a7d511ef7cc7"}
,"/home/alinedebastiani/sd-08-project-recipes-app/src/pages/NotFound.js": {"path":"/home/alinedebastiani/sd-08-project-recipes-app/src/pages/NotFound.js","statementMap":{"0":{"start":{"line":4,"column":2},"end":{"line":6,"column":4}}},"fnMap":{"0":{"name":"NotFound","decl":{"start":{"line":3,"column":9},"end":{"line":3,"column":17}},"loc":{"start":{"line":3,"column":20},"end":{"line":7,"column":1}},"line":3}},"branchMap":{},"s":{"0":2},"f":{"0":2},"b":{},"_coverageSchema":"43e27e138ebf9cfc5966b082cf9a028302ed4184","hash":"ce06752deb993e2d8fbde89c80701d1122d75806"}
,"/home/alinedebastiani/sd-08-project-recipes-app/src/pages/Profile.js": {"path":"/home/alinedebastiani/sd-08-project-recipes-app/src/pages/Profile.js","statementMap":{"0":{"start":{"line":7,"column":36},"end":{"line":7,"column":48}},"1":{"start":{"line":8,"column":18},"end":{"line":8,"column":30}},"2":{"start":{"line":10,"column":2},"end":{"line":12,"column":9}},"3":{"start":{"line":11,"column":4},"end":{"line":11,"column":67}},"4":{"start":{"line":14,"column":2},"end":{"line":51,"column":4}},"5":{"start":{"line":23,"column":10},"end":{"line":23,"column":43}},"6":{"start":{"line":33,"column":10},"end":{"line":33,"column":46}},"7":{"start":{"line":42,"column":10},"end":{"line":42,"column":31}},"8":{"start":{"line":43,"column":10},"end":{"line":43,"column":28}}},"fnMap":{"0":{"name":"Profile","decl":{"start":{"line":6,"column":9},"end":{"line":6,"column":16}},"loc":{"start":{"line":6,"column":19},"end":{"line":52,"column":1}},"line":6},"1":{"name":"(anonymous_1)","decl":{"start":{"line":10,"column":12},"end":{"line":10,"column":13}},"loc":{"start":{"line":10,"column":18},"end":{"line":12,"column":3}},"line":10},"2":{"name":"(anonymous_2)","decl":{"start":{"line":22,"column":18},"end":{"line":22,"column":19}},"loc":{"start":{"line":22,"column":24},"end":{"line":24,"column":9}},"line":22},"3":{"name":"(anonymous_3)","decl":{"start":{"line":32,"column":18},"end":{"line":32,"column":19}},"loc":{"start":{"line":32,"column":24},"end":{"line":34,"column":9}},"line":32},"4":{"name":"(anonymous_4)","decl":{"start":{"line":41,"column":18},"end":{"line":41,"column":19}},"loc":{"start":{"line":41,"column":24},"end":{"line":44,"column":9}},"line":41}},"branchMap":{"0":{"loc":{"start":{"line":11,"column":28},"end":{"line":11,"column":64}},"type":"binary-expr","locations":[{"start":{"line":11,"column":28},"end":{"line":11,"column":56}},{"start":{"line":11,"column":60},"end":{"line":11,"column":64}}],"line":11}},"s":{"0":8,"1":8,"2":8,"3":4,"4":8,"5":1,"6":1,"7":1,"8":1},"f":{"0":8,"1":4,"2":1,"3":1,"4":1},"b":{"0":[4,4]},"_coverageSchema":"43e27e138ebf9cfc5966b082cf9a028302ed4184","hash":"ebf166ec01d1f5c1d8a3835fb9d825400b156abe"}
,"/home/alinedebastiani/sd-08-project-recipes-app/src/pages/RecipeDetails.jsx": {"path":"/home/alinedebastiani/sd-08-project-recipes-app/src/pages/RecipeDetails.jsx","statementMap":{"0":{"start":{"line":16,"column":48},"end":{"line":16,"column":85}},"1":{"start":{"line":16,"column":71},"end":{"line":16,"column":84}},"2":{"start":{"line":17,"column":19},"end":{"line":17,"column":32}},"3":{"start":{"line":19,"column":40},"end":{"line":19,"column":54}},"4":{"start":{"line":28,"column":16},"end":{"line":28,"column":17}},"5":{"start":{"line":29,"column":21},"end":{"line":29,"column":61}},"6":{"start":{"line":31,"column":15},"end":{"line":31,"column":45}},"7":{"start":{"line":32,"column":30},"end":{"line":32,"column":88}},"8":{"start":{"line":34,"column":2},"end":{"line":43,"column":25}},"9":{"start":{"line":36,"column":4},"end":{"line":36,"column":25}},"10":{"start":{"line":37,"column":4},"end":{"line":37,"column":50}},"11":{"start":{"line":38,"column":4},"end":{"line":38,"column":85}},"12":{"start":{"line":39,"column":4},"end":{"line":40,"column":62}},"13":{"start":{"line":41,"column":4},"end":{"line":41,"column":71}},"14":{"start":{"line":42,"column":4},"end":{"line":42,"column":26}},"15":{"start":{"line":45,"column":17},"end":{"line":45,"column":24}},"16":{"start":{"line":46,"column":2},"end":{"line":46,"column":22}},"17":{"start":{"line":47,"column":25},"end":{"line":51,"column":61}},"18":{"start":{"line":49,"column":6},"end":{"line":51,"column":59}},"19":{"start":{"line":52,"column":33},"end":{"line":53,"column":73}},"20":{"start":{"line":53,"column":25},"end":{"line":53,"column":72}},"21":{"start":{"line":56,"column":2},"end":{"line":101,"column":7}},"22":{"start":{"line":86,"column":14},"end":{"line":93,"column":20}},"23":{"start":{"line":104,"column":0},"end":{"line":113,"column":2}}},"fnMap":{"0":{"name":"RecipeDetails","decl":{"start":{"line":15,"column":9},"end":{"line":15,"column":22}},"loc":{"start":{"line":15,"column":70},"end":{"line":102,"column":1}},"line":15},"1":{"name":"(anonymous_1)","decl":{"start":{"line":16,"column":60},"end":{"line":16,"column":61}},"loc":{"start":{"line":16,"column":71},"end":{"line":16,"column":84}},"line":16},"2":{"name":"(anonymous_2)","decl":{"start":{"line":34,"column":12},"end":{"line":34,"column":13}},"loc":{"start":{"line":34,"column":18},"end":{"line":43,"column":3}},"line":34},"3":{"name":"(anonymous_3)","decl":{"start":{"line":48,"column":12},"end":{"line":48,"column":13}},"loc":{"start":{"line":49,"column":6},"end":{"line":51,"column":59}},"line":49},"4":{"name":"(anonymous_4)","decl":{"start":{"line":53,"column":9},"end":{"line":53,"column":10}},"loc":{"start":{"line":53,"column":25},"end":{"line":53,"column":72}},"line":53},"5":{"name":"(anonymous_5)","decl":{"start":{"line":85,"column":34},"end":{"line":85,"column":35}},"loc":{"start":{"line":86,"column":14},"end":{"line":93,"column":20}},"line":86}},"branchMap":{"0":{"loc":{"start":{"line":32,"column":37},"end":{"line":32,"column":87}},"type":"cond-expr","locations":[{"start":{"line":32,"column":66},"end":{"line":32,"column":75}},{"start":{"line":32,"column":78},"end":{"line":32,"column":87}}],"line":32},"1":{"loc":{"start":{"line":38,"column":34},"end":{"line":38,"column":84}},"type":"cond-expr","locations":[{"start":{"line":38,"column":63},"end":{"line":38,"column":72}},{"start":{"line":38,"column":75},"end":{"line":38,"column":84}}],"line":38},"2":{"loc":{"start":{"line":47,"column":37},"end":{"line":47,"column":49}},"type":"binary-expr","locations":[{"start":{"line":47,"column":37},"end":{"line":47,"column":43}},{"start":{"line":47,"column":47},"end":{"line":47,"column":49}}],"line":47},"3":{"loc":{"start":{"line":49,"column":6},"end":{"line":51,"column":59}},"type":"binary-expr","locations":[{"start":{"line":49,"column":6},"end":{"line":50,"column":36}},{"start":{"line":51,"column":11},"end":{"line":51,"column":32}},{"start":{"line":51,"column":36},"end":{"line":51,"column":59}}],"line":49},"4":{"loc":{"start":{"line":57,"column":4},"end":{"line":101,"column":5}},"type":"cond-expr","locations":[{"start":{"line":57,"column":43},"end":{"line":57,"column":54}},{"start":{"line":58,"column":6},"end":{"line":100,"column":16}}],"line":57},"5":{"loc":{"start":{"line":57,"column":4},"end":{"line":57,"column":40}},"type":"binary-expr","locations":[{"start":{"line":57,"column":4},"end":{"line":57,"column":14}},{"start":{"line":57,"column":18},"end":{"line":57,"column":29}},{"start":{"line":57,"column":33},"end":{"line":57,"column":40}}],"line":57},"6":{"loc":{"start":{"line":77,"column":10},"end":{"line":82,"column":10}},"type":"binary-expr","locations":[{"start":{"line":77,"column":10},"end":{"line":77,"column":27}},{"start":{"line":78,"column":11},"end":{"line":82,"column":10}}],"line":77},"7":{"loc":{"start":{"line":83,"column":10},"end":{"line":94,"column":17}},"type":"binary-expr","locations":[{"start":{"line":83,"column":10},"end":{"line":83,"column":21}},{"start":{"line":84,"column":10},"end":{"line":94,"column":16}}],"line":83}},"s":{"0":0,"1":0,"2":0,"3":0,"4":0,"5":0,"6":0,"7":0,"8":0,"9":0,"10":0,"11":0,"12":0,"13":0,"14":0,"15":0,"16":0,"17":0,"18":0,"19":0,"20":0,"21":0,"22":0,"23":2},"f":{"0":0,"1":0,"2":0,"3":0,"4":0,"5":0},"b":{"0":[0,0],"1":[0,0],"2":[0,0],"3":[0,0,0],"4":[0,0],"5":[0,0,0],"6":[0,0],"7":[0,0]},"_coverageSchema":"43e27e138ebf9cfc5966b082cf9a028302ed4184","hash":"44f525199cf5a172389d230338a9541452fe6e76"}
,"/home/alinedebastiani/sd-08-project-recipes-app/src/pages/RecipesDoneAndFavorite.js": {"path":"/home/alinedebastiani/sd-08-project-recipes-app/src/pages/RecipesDoneAndFavorite.js","statementMap":{"0":{"start":{"line":10,"column":29},"end":{"line":10,"column":66}},"1":{"start":{"line":10,"column":52},"end":{"line":10,"column":65}},"2":{"start":{"line":11,"column":32},"end":{"line":11,"column":44}},"3":{"start":{"line":12,"column":30},"end":{"line":12,"column":40}},"4":{"start":{"line":13,"column":30},"end":{"line":13,"column":47}},"5":{"start":{"line":15,"column":2},"end":{"line":23,"column":27}},"6":{"start":{"line":16,"column":4},"end":{"line":22,"column":5}},"7":{"start":{"line":17,"column":6},"end":{"line":17,"column":23}},"8":{"start":{"line":18,"column":6},"end":{"line":18,"column":22}},"9":{"start":{"line":20,"column":6},"end":{"line":20,"column":23}},"10":{"start":{"line":21,"column":6},"end":{"line":21,"column":27}},"11":{"start":{"line":25,"column":2},"end":{"line":89,"column":4}},"12":{"start":{"line":31,"column":24},"end":{"line":31,"column":42}},"13":{"start":{"line":38,"column":24},"end":{"line":38,"column":43}},"14":{"start":{"line":45,"column":24},"end":{"line":45,"column":43}},"15":{"start":{"line":49,"column":36},"end":{"line":49,"column":73}},"16":{"start":{"line":51,"column":10},"end":{"line":85,"column":16}},"17":{"start":{"line":76,"column":16},"end":{"line":81,"column":20}},"18":{"start":{"line":92,"column":0},"end":{"line":96,"column":2}}},"fnMap":{"0":{"name":"RecipesDoneAndFavorite","decl":{"start":{"line":9,"column":9},"end":{"line":9,"column":31}},"loc":{"start":{"line":9,"column":60},"end":{"line":90,"column":1}},"line":9},"1":{"name":"(anonymous_1)","decl":{"start":{"line":10,"column":41},"end":{"line":10,"column":42}},"loc":{"start":{"line":10,"column":52},"end":{"line":10,"column":65}},"line":10},"2":{"name":"(anonymous_2)","decl":{"start":{"line":15,"column":12},"end":{"line":15,"column":13}},"loc":{"start":{"line":15,"column":18},"end":{"line":23,"column":3}},"line":15},"3":{"name":"(anonymous_3)","decl":{"start":{"line":31,"column":18},"end":{"line":31,"column":19}},"loc":{"start":{"line":31,"column":24},"end":{"line":31,"column":42}},"line":31},"4":{"name":"(anonymous_4)","decl":{"start":{"line":38,"column":18},"end":{"line":38,"column":19}},"loc":{"start":{"line":38,"column":24},"end":{"line":38,"column":43}},"line":38},"5":{"name":"(anonymous_5)","decl":{"start":{"line":45,"column":18},"end":{"line":45,"column":19}},"loc":{"start":{"line":45,"column":24},"end":{"line":45,"column":43}},"line":45},"6":{"name":"(anonymous_6)","decl":{"start":{"line":49,"column":22},"end":{"line":49,"column":23}},"loc":{"start":{"line":49,"column":36},"end":{"line":49,"column":73}},"line":49},"7":{"name":"(anonymous_7)","decl":{"start":{"line":50,"column":13},"end":{"line":50,"column":14}},"loc":{"start":{"line":51,"column":10},"end":{"line":85,"column":16}},"line":51},"8":{"name":"(anonymous_8)","decl":{"start":{"line":75,"column":30},"end":{"line":75,"column":31}},"loc":{"start":{"line":76,"column":16},"end":{"line":81,"column":20}},"line":76}},"branchMap":{"0":{"loc":{"start":{"line":16,"column":4},"end":{"line":22,"column":5}},"type":"if","locations":[{"start":{"line":16,"column":4},"end":{"line":22,"column":5}},{"start":{"line":16,"column":4},"end":{"line":22,"column":5}}],"line":16},"1":{"loc":{"start":{"line":49,"column":36},"end":{"line":49,"column":73}},"type":"binary-expr","locations":[{"start":{"line":49,"column":36},"end":{"line":49,"column":51}},{"start":{"line":49,"column":55},"end":{"line":49,"column":73}}],"line":49},"2":{"loc":{"start":{"line":64,"column":16},"end":{"line":65,"column":54}},"type":"binary-expr","locations":[{"start":{"line":64,"column":16},"end":{"line":64,"column":48}},{"start":{"line":65,"column":17},"end":{"line":65,"column":54}}],"line":64},"3":{"loc":{"start":{"line":66,"column":16},"end":{"line":66,"column":73}},"type":"binary-expr","locations":[{"start":{"line":66,"column":16},"end":{"line":66,"column":48}},{"start":{"line":66,"column":52},"end":{"line":66,"column":73}}],"line":66},"4":{"loc":{"start":{"line":68,"column":14},"end":{"line":72,"column":13}},"type":"binary-expr","locations":[{"start":{"line":68,"column":14},"end":{"line":68,"column":20}},{"start":{"line":69,"column":14},"end":{"line":71,"column":18}}],"line":68},"5":{"loc":{"start":{"line":74,"column":13},"end":{"line":83,"column":13}},"type":"binary-expr","locations":[{"start":{"line":74,"column":13},"end":{"line":74,"column":19}},{"start":{"line":75,"column":14},"end":{"line":82,"column":16}}],"line":74}},"s":{"0":4,"1":6,"2":4,"3":4,"4":4,"5":4,"6":2,"7":1,"8":1,"9":1,"10":1,"11":4,"12":0,"13":0,"14":0,"15":0,"16":0,"17":0,"18":4},"f":{"0":4,"1":6,"2":2,"3":0,"4":0,"5":0,"6":0,"7":0,"8":0},"b":{"0":[1,1],"1":[0,0],"2":[0,0],"3":[0,0],"4":[0,0],"5":[0,0]},"_coverageSchema":"43e27e138ebf9cfc5966b082cf9a028302ed4184","hash":"736eab852459d90157845faffb9b0e7a82f368b8"}
,"/home/alinedebastiani/sd-08-project-recipes-app/src/reducers/login.js": {"path":"/home/alinedebastiani/sd-08-project-recipes-app/src/reducers/login.js","statementMap":{"0":{"start":{"line":3,"column":24},"end":{"line":3,"column":77}},"1":{"start":{"line":4,"column":28},"end":{"line":4,"column":85}},"2":{"start":{"line":6,"column":22},"end":{"line":10,"column":1}},"3":{"start":{"line":12,"column":14},"end":{"line":23,"column":1}},"4":{"start":{"line":13,"column":2},"end":{"line":22,"column":3}},"5":{"start":{"line":15,"column":4},"end":{"line":15,"column":52}},"6":{"start":{"line":17,"column":4},"end":{"line":17,"column":56}},"7":{"start":{"line":19,"column":4},"end":{"line":19,"column":47}},"8":{"start":{"line":21,"column":4},"end":{"line":21,"column":17}}},"fnMap":{"0":{"name":"(anonymous_0)","decl":{"start":{"line":12,"column":14},"end":{"line":12,"column":15}},"loc":{"start":{"line":12,"column":49},"end":{"line":23,"column":1}},"line":12}},"branchMap":{"0":{"loc":{"start":{"line":3,"column":35},"end":{"line":3,"column":76}},"type":"binary-expr","locations":[{"start":{"line":3,"column":35},"end":{"line":3,"column":69}},{"start":{"line":3,"column":73},"end":{"line":3,"column":76}}],"line":3},"1":{"loc":{"start":{"line":4,"column":39},"end":{"line":4,"column":84}},"type":"binary-expr","locations":[{"start":{"line":4,"column":39},"end":{"line":4,"column":77}},{"start":{"line":4,"column":81},"end":{"line":4,"column":84}}],"line":4},"2":{"loc":{"start":{"line":12,"column":15},"end":{"line":12,"column":36}},"type":"default-arg","locations":[{"start":{"line":12,"column":23},"end":{"line":12,"column":36}}],"line":12},"3":{"loc":{"start":{"line":13,"column":2},"end":{"line":22,"column":3}},"type":"switch","locations":[{"start":{"line":14,"column":2},"end":{"line":15,"column":52}},{"start":{"line":16,"column":2},"end":{"line":17,"column":56}},{"start":{"line":18,"column":2},"end":{"line":19,"column":47}},{"start":{"line":20,"column":2},"end":{"line":21,"column":17}}],"line":13}},"s":{"0":6,"1":6,"2":6,"3":6,"4":33,"5":1,"6":1,"7":1,"8":30},"f":{"0":33},"b":{"0":[6,6],"1":[6,6],"2":[30],"3":[1,1,1,30]},"_coverageSchema":"43e27e138ebf9cfc5966b082cf9a028302ed4184","hash":"3f35f7a2284660ff7f9444159b8054fe13ee6009"}
,"/home/alinedebastiani/sd-08-project-recipes-app/src/reducers/recipes.js": {"path":"/home/alinedebastiani/sd-08-project-recipes-app/src/reducers/recipes.js","statementMap":{"0":{"start":{"line":5,"column":26},"end":{"line":5,"column":87}},"1":{"start":{"line":6,"column":24},"end":{"line":6,"column":83}},"2":{"start":{"line":7,"column":20},"end":{"line":7,"column":75}},"3":{"start":{"line":9,"column":22},"end":{"line":21,"column":1}},"4":{"start":{"line":23,"column":20},"end":{"line":23,"column":22}},"5":{"start":{"line":24,"column":28},"end":{"line":24,"column":29}},"6":{"start":{"line":26,"column":16},"end":{"line":62,"column":1}},"7":{"start":{"line":27,"column":19},"end":{"line":27,"column":29}},"8":{"start":{"line":28,"column":2},"end":{"line":61,"column":3}},"9":{"start":{"line":30,"column":4},"end":{"line":30,"column":42}},"10":{"start":{"line":32,"column":4},"end":{"line":32,"column":87}},"11":{"start":{"line":34,"column":4},"end":{"line":34,"column":52}},"12":{"start":{"line":36,"column":4},"end":{"line":36,"column":48}},"13":{"start":{"line":38,"column":4},"end":{"line":38,"column":87}},"14":{"start":{"line":40,"column":4},"end":{"line":43,"column":73}},"15":{"start":{"line":45,"column":4},"end":{"line":47,"column":81}},"16":{"start":{"line":49,"column":4},"end":{"line":49,"column":71}},"17":{"start":{"line":51,"column":4},"end":{"line":54,"column":46}},"18":{"start":{"line":53,"column":34},"end":{"line":54,"column":41}},"19":{"start":{"line":56,"column":4},"end":{"line":56,"column":54}},"20":{"start":{"line":58,"column":4},"end":{"line":58,"column":47}},"21":{"start":{"line":60,"column":4},"end":{"line":60,"column":17}}},"fnMap":{"0":{"name":"(anonymous_0)","decl":{"start":{"line":26,"column":16},"end":{"line":26,"column":17}},"loc":{"start":{"line":26,"column":51},"end":{"line":62,"column":1}},"line":26},"1":{"name":"(anonymous_1)","decl":{"start":{"line":53,"column":16},"end":{"line":53,"column":17}},"loc":{"start":{"line":53,"column":34},"end":{"line":54,"column":41}},"line":53}},"branchMap":{"0":{"loc":{"start":{"line":5,"column":37},"end":{"line":5,"column":86}},"type":"binary-expr","locations":[{"start":{"line":5,"column":37},"end":{"line":5,"column":78}},{"start":{"line":5,"column":82},"end":{"line":5,"column":86}}],"line":5},"1":{"loc":{"start":{"line":6,"column":35},"end":{"line":6,"column":82}},"type":"binary-expr","locations":[{"start":{"line":6,"column":35},"end":{"line":6,"column":74}},{"start":{"line":6,"column":78},"end":{"line":6,"column":82}}],"line":6},"2":{"loc":{"start":{"line":7,"column":31},"end":{"line":7,"column":74}},"type":"binary-expr","locations":[{"start":{"line":7,"column":31},"end":{"line":7,"column":66}},{"start":{"line":7,"column":70},"end":{"line":7,"column":74}}],"line":7},"3":{"loc":{"start":{"line":15,"column":20},"end":{"line":15,"column":49}},"type":"binary-expr","locations":[{"start":{"line":15,"column":20},"end":{"line":15,"column":43}},{"start":{"line":15,"column":47},"end":{"line":15,"column":49}}],"line":15},"4":{"loc":{"start":{"line":16,"column":13},"end":{"line":16,"column":46}},"type":"binary-expr","locations":[{"start":{"line":16,"column":13},"end":{"line":16,"column":40}},{"start":{"line":16,"column":44},"end":{"line":16,"column":46}}],"line":16},"5":{"loc":{"start":{"line":26,"column":17},"end":{"line":26,"column":38}},"type":"default-arg","locations":[{"start":{"line":26,"column":25},"end":{"line":26,"column":38}}],"line":26},"6":{"loc":{"start":{"line":28,"column":2},"end":{"line":61,"column":3}},"type":"switch","locations":[{"start":{"line":29,"column":2},"end":{"line":30,"column":42}},{"start":{"line":31,"column":2},"end":{"line":32,"column":87}},{"start":{"line":33,"column":2},"end":{"line":34,"column":52}},{"start":{"line":35,"column":2},"end":{"line":36,"column":48}},{"start":{"line":37,"column":2},"end":{"line":38,"column":87}},{"start":{"line":39,"column":2},"end":{"line":43,"column":73}},{"start":{"line":44,"column":2},"end":{"line":47,"column":81}},{"start":{"line":48,"column":2},"end":{"line":49,"column":71}},{"start":{"line":50,"column":2},"end":{"line":54,"column":46}},{"start":{"line":55,"column":2},"end":{"line":56,"column":54}},{"start":{"line":57,"column":2},"end":{"line":58,"column":47}},{"start":{"line":59,"column":2},"end":{"line":60,"column":17}}],"line":28},"7":{"loc":{"start":{"line":53,"column":34},"end":{"line":54,"column":41}},"type":"binary-expr","locations":[{"start":{"line":53,"column":34},"end":{"line":53,"column":58}},{"start":{"line":54,"column":13},"end":{"line":54,"column":41}}],"line":53}},"s":{"0":6,"1":6,"2":6,"3":6,"4":6,"5":6,"6":6,"7":33,"8":33,"9":0,"10":0,"11":0,"12":0,"13":0,"14":0,"15":0,"16":0,"17":0,"18":0,"19":0,"20":0,"21":33},"f":{"0":33,"1":0},"b":{"0":[6,6],"1":[6,6],"2":[6,6],"3":[6,6],"4":[6,6],"5":[30],"6":[0,0,0,0,0,0,0,0,0,0,0,33],"7":[0,0]},"_coverageSchema":"43e27e138ebf9cfc5966b082cf9a028302ed4184","hash":"474867852e8a83519cb5869b4ec42ed350635206"}
,"/home/alinedebastiani/sd-08-project-recipes-app/src/tests/testConfig.js": {"path":"/home/alinedebastiani/sd-08-project-recipes-app/src/tests/testConfig.js","statementMap":{"0":{"start":{"line":11,"column":24},"end":{"line":14,"column":1}},"1":{"start":{"line":12,"column":2},"end":{"line":12,"column":73}},"2":{"start":{"line":12,"column":21},"end":{"line":12,"column":73}},"3":{"start":{"line":13,"column":2},"end":{"line":13,"column":68}},"4":{"start":{"line":16,"column":40},"end":{"line":31,"column":1}},"5":{"start":{"line":17,"column":16},"end":{"line":17,"column":41}},"6":{"start":{"line":18,"column":16},"end":{"line":18,"column":38}},"7":{"start":{"line":19,"column":18},"end":{"line":20,"column":55}},"8":{"start":{"line":22,"column":2},"end":{"line":30,"column":4}}},"fnMap":{"0":{"name":"(anonymous_0)","decl":{"start":{"line":11,"column":24},"end":{"line":11,"column":25}},"loc":{"start":{"line":11,"column":42},"end":{"line":14,"column":1}},"line":11},"1":{"name":"(anonymous_1)","decl":{"start":{"line":16,"column":40},"end":{"line":16,"column":41}},"loc":{"start":{"line":16,"column":88},"end":{"line":31,"column":1}},"line":16}},"branchMap":{"0":{"loc":{"start":{"line":12,"column":2},"end":{"line":12,"column":73}},"type":"if","locations":[{"start":{"line":12,"column":2},"end":{"line":12,"column":73}},{"start":{"line":12,"column":2},"end":{"line":12,"column":73}}],"line":12},"1":{"loc":{"start":{"line":16,"column":52},"end":{"line":16,"column":69}},"type":"default-arg","locations":[{"start":{"line":16,"column":67},"end":{"line":16,"column":69}}],"line":16},"2":{"loc":{"start":{"line":17,"column":16},"end":{"line":17,"column":41}},"type":"binary-expr","locations":[{"start":{"line":17,"column":16},"end":{"line":17,"column":34}},{"start":{"line":17,"column":38},"end":{"line":17,"column":41}}],"line":17},"3":{"loc":{"start":{"line":19,"column":18},"end":{"line":20,"column":55}},"type":"binary-expr","locations":[{"start":{"line":19,"column":18},"end":{"line":19,"column":38}},{"start":{"line":20,"column":7},"end":{"line":20,"column":55}}],"line":19}},"s":{"0":6,"1":18,"2":17,"3":1,"4":6,"5":18,"6":18,"7":18,"8":18},"f":{"0":18,"1":18},"b":{"0":[17,1],"1":[10],"2":[18,16],"3":[18,18]},"_coverageSchema":"43e27e138ebf9cfc5966b082cf9a028302ed4184","hash":"352c31d7d318d2b8654d590dcfbefbf461bd28bb"}
}
