{"total": {"lines":{"total":414,"covered":130,"skipped":0,"pct":31.4},"statements":{"total":455,"covered":138,"skipped":0,"pct":30.33},"functions":{"total":140,"covered":32,"skipped":0,"pct":22.86},"branches":{"total":217,"covered":43,"skipped":0,"pct":19.82}}
,"/home/alinedebastiani/sd-08-project-recipes-app/src/App.js": {"lines":{"total":5,"covered":1,"skipped":0,"pct":20},"functions":{"total":5,"covered":1,"skipped":0,"pct":20},"statements":{"total":5,"covered":1,"skipped":0,"pct":20},"branches":{"total":0,"covered":0,"skipped":0,"pct":100}}
,"/home/alinedebastiani/sd-08-project-recipes-app/src/actions/login.js": {"lines":{"total":9,"covered":9,"skipped":0,"pct":100},"functions":{"total":5,"covered":5,"skipped":0,"pct":100},"statements":{"total":13,"covered":13,"skipped":0,"pct":100},"branches":{"total":0,"covered":0,"skipped":0,"pct":100}}
,"/home/alinedebastiani/sd-08-project-recipes-app/src/actions/recipes.js": {"lines":{"total":57,"covered":16,"skipped":0,"pct":28.07},"functions":{"total":23,"covered":0,"skipped":0,"pct":0},"statements":{"total":71,"covered":16,"skipped":0,"pct":22.54},"branches":{"total":24,"covered":0,"skipped":0,"pct":0}}
,"/home/alinedebastiani/sd-08-project-recipes-app/src/components/CategoryButton.jsx": {"lines":{"total":11,"covered":1,"skipped":0,"pct":9.09},"functions":{"total":4,"covered":0,"skipped":0,"pct":0},"statements":{"total":12,"covered":1,"skipped":0,"pct":8.33},"branches":{"total":4,"covered":0,"skipped":0,"pct":0}}
,"/home/alinedebastiani/sd-08-project-recipes-app/src/components/FavButton.jsx": {"lines":{"total":17,"covered":1,"skipped":0,"pct":5.88},"functions":{"total":6,"covered":0,"skipped":0,"pct":0},"statements":{"total":18,"covered":1,"skipped":0,"pct":5.56},"branches":{"total":10,"covered":0,"skipped":0,"pct":0}}
,"/home/alinedebastiani/sd-08-project-recipes-app/src/components/Footer.js": {"lines":{"total":1,"covered":1,"skipped":0,"pct":100},"functions":{"total":1,"covered":1,"skipped":0,"pct":100},"statements":{"total":1,"covered":1,"skipped":0,"pct":100},"branches":{"total":0,"covered":0,"skipped":0,"pct":100}}
,"/home/alinedebastiani/sd-08-project-recipes-app/src/components/Header.jsx": {"lines":{"total":39,"covered":14,"skipped":0,"pct":35.9},"functions":{"total":5,"covered":3,"skipped":0,"pct":60},"statements":{"total":39,"covered":14,"skipped":0,"pct":35.9},"branches":{"total":16,"covered":4,"skipped":0,"pct":25}}
,"/home/alinedebastiani/sd-08-project-recipes-app/src/components/IngredientsList.jsx": {"lines":{"total":22,"covered":1,"skipped":0,"pct":4.55},"functions":{"total":9,"covered":0,"skipped":0,"pct":0},"statements":{"total":24,"covered":1,"skipped":0,"pct":4.17},"branches":{"total":8,"covered":0,"skipped":0,"pct":0}}
,"/home/alinedebastiani/sd-08-project-recipes-app/src/components/Loading.jsx": {"lines":{"total":1,"covered":0,"skipped":0,"pct":0},"functions":{"total":1,"covered":0,"skipped":0,"pct":0},"statements":{"total":1,"covered":0,"skipped":0,"pct":0},"branches":{"total":0,"covered":0,"skipped":0,"pct":100}}
,"/home/alinedebastiani/sd-08-project-recipes-app/src/components/ProfileIcon.jsx": {"lines":{"total":4,"covered":4,"skipped":0,"pct":100},"functions":{"total":2,"covered":2,"skipped":0,"pct":100},"statements":{"total":4,"covered":4,"skipped":0,"pct":100},"branches":{"total":0,"covered":0,"skipped":0,"pct":100}}
,"/home/alinedebastiani/sd-08-project-recipes-app/src/components/ProgressButton.jsx": {"lines":{"total":24,"covered":1,"skipped":0,"pct":4.17},"functions":{"total":6,"covered":0,"skipped":0,"pct":0},"statements":{"total":27,"covered":1,"skipped":0,"pct":3.7},"branches":{"total":20,"covered":0,"skipped":0,"pct":0}}
,"/home/alinedebastiani/sd-08-project-recipes-app/src/components/RecipeCard.jsx": {"lines":{"total":3,"covered":2,"skipped":0,"pct":66.67},"functions":{"total":1,"covered":0,"skipped":0,"pct":0},"statements":{"total":3,"covered":2,"skipped":0,"pct":66.67},"branches":{"total":6,"covered":0,"skipped":0,"pct":0}}
,"/home/alinedebastiani/sd-08-project-recipes-app/src/components/SearchBar.jsx": {"lines":{"total":23,"covered":1,"skipped":0,"pct":4.35},"functions":{"total":8,"covered":0,"skipped":0,"pct":0},"statements":{"total":24,"covered":1,"skipped":0,"pct":4.17},"branches":{"total":8,"covered":0,"skipped":0,"pct":0}}
,"/home/alinedebastiani/sd-08-project-recipes-app/src/components/ShareButton.jsx": {"lines":{"total":6,"covered":1,"skipped":0,"pct":16.67},"functions":{"total":2,"covered":0,"skipped":0,"pct":0},"statements":{"total":6,"covered":1,"skipped":0,"pct":16.67},"branches":{"total":4,"covered":0,"skipped":0,"pct":0}}
,"/home/alinedebastiani/sd-08-project-recipes-app/src/pages/Explore.js": {"lines":{"total":1,"covered":0,"skipped":0,"pct":0},"functions":{"total":1,"covered":0,"skipped":0,"pct":0},"statements":{"total":1,"covered":0,"skipped":0,"pct":0},"branches":{"total":0,"covered":0,"skipped":0,"pct":100}}
,"/home/alinedebastiani/sd-08-project-recipes-app/src/pages/ExploreIngredients.js": {"lines":{"total":21,"covered":1,"skipped":0,"pct":4.76},"functions":{"total":9,"covered":0,"skipped":0,"pct":0},"statements":{"total":24,"covered":1,"skipped":0,"pct":4.17},"branches":{"total":9,"covered":0,"skipped":0,"pct":0}}
,"/home/alinedebastiani/sd-08-project-recipes-app/src/pages/ExploreMain.js": {"lines":{"total":15,"covered":1,"skipped":0,"pct":6.67},"functions":{"total":6,"covered":0,"skipped":0,"pct":0},"statements":{"total":18,"covered":1,"skipped":0,"pct":5.56},"branches":{"total":8,"covered":0,"skipped":0,"pct":0}}
,"/home/alinedebastiani/sd-08-project-recipes-app/src/pages/ExploreOrigin.js": {"lines":{"total":15,"covered":0,"skipped":0,"pct":0},"functions":{"total":7,"covered":0,"skipped":0,"pct":0},"statements":{"total":18,"covered":0,"skipped":0,"pct":0},"branches":{"total":9,"covered":0,"skipped":0,"pct":0}}
,"/home/alinedebastiani/sd-08-project-recipes-app/src/pages/Login.js": {"lines":{"total":26,"covered":26,"skipped":0,"pct":100},"functions":{"total":7,"covered":7,"skipped":0,"pct":100},"statements":{"total":28,"covered":28,"skipped":0,"pct":100},"branches":{"total":8,"covered":8,"skipped":0,"pct":100}}
,"/home/alinedebastiani/sd-08-project-recipes-app/src/pages/Main.jsx": {"lines":{"total":24,"covered":1,"skipped":0,"pct":4.17},"functions":{"total":6,"covered":0,"skipped":0,"pct":0},"statements":{"total":25,"covered":1,"skipped":0,"pct":4},"branches":{"total":10,"covered":0,"skipped":0,"pct":0}}
,"/home/alinedebastiani/sd-08-project-recipes-app/src/pages/NotFound.js": {"lines":{"total":1,"covered":1,"skipped":0,"pct":100},"functions":{"total":1,"covered":1,"skipped":0,"pct":100},"statements":{"total":1,"covered":1,"skipped":0,"pct":100},"branches":{"total":0,"covered":0,"skipped":0,"pct":100}}
,"/home/alinedebastiani/sd-08-project-recipes-app/src/pages/Profile.js": {"lines":{"total":9,"covered":9,"skipped":0,"pct":100},"functions":{"total":5,"covered":5,"skipped":0,"pct":100},"statements":{"total":9,"covered":9,"skipped":0,"pct":100},"branches":{"total":2,"covered":2,"skipped":0,"pct":100}}
,"/home/alinedebastiani/sd-08-project-recipes-app/src/pages/RecipeDetails.jsx": {"lines":{"total":23,"covered":1,"skipped":0,"pct":4.35},"functions":{"total":6,"covered":0,"skipped":0,"pct":0},"statements":{"total":24,"covered":1,"skipped":0,"pct":4.17},"branches":{"total":18,"covered":0,"skipped":0,"pct":0}}
,"/home/alinedebastiani/sd-08-project-recipes-app/src/pages/RecipesDoneAndFavorite.js": {"lines":{"total":18,"covered":10,"skipped":0,"pct":55.56},"functions":{"total":9,"covered":3,"skipped":0,"pct":33.33},"statements":{"total":19,"covered":11,"skipped":0,"pct":57.89},"branches":{"total":12,"covered":1,"skipped":0,"pct":8.33}}
,"/home/alinedebastiani/sd-08-project-recipes-app/src/reducers/login.js": {"lines":{"total":9,"covered":9,"skipped":0,"pct":100},"functions":{"total":1,"covered":1,"skipped":0,"pct":100},"statements":{"total":9,"covered":9,"skipped":0,"pct":100},"branches":{"total":9,"covered":9,"skipped":0,"pct":100}}
,"/home/alinedebastiani/sd-08-project-recipes-app/src/reducers/recipes.js": {"lines":{"total":22,"covered":10,"skipped":0,"pct":45.45},"functions":{"total":2,"covered":1,"skipped":0,"pct":50},"statements":{"total":22,"covered":10,"skipped":0,"pct":45.45},"branches":{"total":25,"covered":12,"skipped":0,"pct":48}}
,"/home/alinedebastiani/sd-08-project-recipes-app/src/tests/testConfig.js": {"lines":{"total":8,"covered":8,"skipped":0,"pct":100},"functions":{"total":2,"covered":2,"skipped":0,"pct":100},"statements":{"total":9,"covered":9,"skipped":0,"pct":100},"branches":{"total":7,"covered":7,"skipped":0,"pct":100}}
}
