TN:
SF:/home/alinedebastiani/sd-08-project-recipes-app/src/App.js
FN:17,App
FN:22,(anonymous_1)
FN:26,(anonymous_2)
FN:28,(anonymous_3)
FN:29,(anonymous_4)
FNF:5
FNH:1
FNDA:7,App
FNDA:0,(anonymous_1)
FNDA:0,(anonymous_2)
FNDA:0,(anonymous_3)
FNDA:0,(anonymous_4)
DA:18,7
DA:22,0
DA:26,0
DA:28,0
DA:29,0
LF:5
LH:1
BRF:0
BRH:0
end_of_record
TN:
SF:/home/alinedebastiani/sd-08-project-recipes-app/src/actions/login.js
FN:3,(anonymous_0)
FN:8,(anonymous_1)
FN:13,(anonymous_2)
FN:18,(anonymous_3)
FN:18,(anonymous_4)
FNF:5
FNH:5
FNDA:1,(anonymous_0)
FNDA:1,(anonymous_1)
FNDA:1,(anonymous_2)
FNDA:1,(anonymous_3)
FNDA:1,(anonymous_4)
DA:3,2
DA:8,2
DA:13,2
DA:18,2
DA:19,1
DA:20,1
DA:21,1
DA:22,1
DA:23,1
LF:9
LH:9
BRF:0
BRH:0
end_of_record
TN:
SF:/home/alinedebastiani/sd-08-project-recipes-app/src/actions/recipes.js
FN:5,(anonymous_0)
FN:10,(anonymous_1)
FN:14,(anonymous_2)
FN:19,(anonymous_3)
FN:46,(anonymous_4)
FN:48,(anonymous_5)
FN:59,(anonymous_6)
FN:66,(anonymous_7)
FN:71,(anonymous_8)
FN:72,(anonymous_9)
FN:80,(anonymous_10)
FN:85,(anonymous_11)
FN:90,(anonymous_12)
FN:91,(anonymous_13)
FN:97,(anonymous_14)
FN:101,(anonymous_15)
FN:107,(anonymous_16)
FN:112,(anonymous_17)
FN:117,(anonymous_18)
FN:122,(anonymous_19)
FN:127,(anonymous_20)
FN:132,(anonymous_21)
FN:133,(anonymous_22)
FNF:23
FNH:0
FNDA:0,(anonymous_0)
FNDA:0,(anonymous_1)
FNDA:0,(anonymous_2)
FNDA:0,(anonymous_3)
FNDA:0,(anonymous_4)
FNDA:0,(anonymous_5)
FNDA:0,(anonymous_6)
FNDA:0,(anonymous_7)
FNDA:0,(anonymous_8)
FNDA:0,(anonymous_9)
FNDA:0,(anonymous_10)
FNDA:0,(anonymous_11)
FNDA:0,(anonymous_12)
FNDA:0,(anonymous_13)
FNDA:0,(anonymous_14)
FNDA:0,(anonymous_15)
FNDA:0,(anonymous_16)
FNDA:0,(anonymous_17)
FNDA:0,(anonymous_18)
FNDA:0,(anonymous_19)
FNDA:0,(anonymous_20)
FNDA:0,(anonymous_21)
FNDA:0,(anonymous_22)
DA:5,5
DA:10,5
DA:14,5
DA:19,5
DA:20,0
DA:23,0
DA:24,0
DA:25,0
DA:26,0
DA:27,0
DA:43,0
DA:46,5
DA:48,0
DA:49,0
DA:50,0
DA:51,0
DA:52,0
DA:53,0
DA:54,0
DA:55,0
DA:56,0
DA:57,0
DA:58,0
DA:59,0
DA:61,0
DA:66,5
DA:71,5
DA:72,0
DA:73,0
DA:75,0
DA:76,0
DA:77,0
DA:78,0
DA:79,0
DA:80,0
DA:81,0
DA:85,5
DA:90,5
DA:91,0
DA:92,0
DA:93,0
DA:94,0
DA:95,0
DA:96,0
DA:97,0
DA:101,5
DA:107,5
DA:112,5
DA:117,5
DA:122,5
DA:127,5
DA:132,5
DA:133,0
DA:134,0
DA:135,0
DA:136,0
DA:137,0
LF:57
LH:16
BRDA:20,0,0,0
BRDA:20,0,1,0
BRDA:21,1,0,0
BRDA:21,2,0,0
BRDA:22,3,0,0
BRDA:24,4,0,0
BRDA:24,4,1,0
BRDA:46,5,0,0
BRDA:47,6,0,0
BRDA:47,7,0,0
BRDA:47,8,0,0
BRDA:47,9,0,0
BRDA:49,10,0,0
BRDA:49,10,1,0
BRDA:52,11,0,0
BRDA:52,11,1,0
BRDA:55,12,0,0
BRDA:55,12,1,0
BRDA:71,13,0,0
BRDA:76,14,0,0
BRDA:76,14,1,0
BRDA:90,15,0,0
BRDA:95,16,0,0
BRDA:95,16,1,0
BRF:24
BRH:0
end_of_record
TN:
SF:/home/alinedebastiani/sd-08-project-recipes-app/src/components/CategoryButton.jsx
FN:7,CategoryButton
FN:8,(anonymous_1)
FN:13,(anonymous_2)
FN:23,(anonymous_3)
FNF:4
FNH:0
FNDA:0,CategoryButton
FNDA:0,(anonymous_1)
FNDA:0,(anonymous_2)
FNDA:0,(anonymous_3)
DA:8,0
DA:9,0
DA:11,0
DA:13,0
DA:14,0
DA:15,0
DA:16,0
DA:17,0
DA:20,0
DA:23,0
DA:31,2
LF:11
LH:1
BRDA:15,0,0,0
BRDA:15,0,1,0
BRDA:15,1,0,0
BRDA:15,1,1,0
BRF:4
BRH:0
end_of_record
TN:
SF:/home/alinedebastiani/sd-08-project-recipes-app/src/components/FavButton.jsx
FN:8,FavButton
FN:9,(anonymous_1)
FN:13,(anonymous_2)
FN:17,(anonymous_3)
FN:32,(anonymous_4)
FN:42,(anonymous_5)
FNF:6
FNH:0
FNDA:0,FavButton
FNDA:0,(anonymous_1)
FNDA:0,(anonymous_2)
FNDA:0,(anonymous_3)
FNDA:0,(anonymous_4)
FNDA:0,(anonymous_5)
DA:9,0
DA:10,0
DA:13,0
DA:14,0
DA:15,0
DA:17,0
DA:22,0
DA:23,0
DA:24,0
DA:27,0
DA:28,0
DA:29,0
DA:32,0
DA:33,0
DA:36,0
DA:42,0
DA:50,4
LF:17
LH:1
BRDA:17,0,0,0
BRDA:17,0,1,0
BRDA:27,1,0,0
BRDA:27,1,1,0
BRDA:39,2,0,0
BRDA:39,2,1,0
BRDA:41,3,0,0
BRDA:41,3,1,0
BRDA:42,4,0,0
BRDA:42,4,1,0
BRF:10
BRH:0
end_of_record
TN:
SF:/home/alinedebastiani/sd-08-project-recipes-app/src/components/Footer.js
FN:8,Footer
FNF:1
FNH:1
FNDA:11,Footer
DA:9,11
LF:1
LH:1
BRF:0
BRH:0
end_of_record
TN:
SF:/home/alinedebastiani/sd-08-project-recipes-app/src/components/Header.jsx
FN:8,(anonymous_0)
FN:11,(anonymous_1)
FN:17,(anonymous_2)
FN:61,(anonymous_3)
FN:78,(anonymous_4)
FNF:5
FNH:3
FNDA:18,(anonymous_0)
FNDA:0,(anonymous_1)
FNDA:12,(anonymous_2)
FNDA:12,(anonymous_3)
FNDA:0,(anonymous_4)
DA:8,5
DA:9,18
DA:11,18
DA:13,18
DA:14,18
DA:15,18
DA:17,18
DA:18,12
DA:20,0
DA:21,0
DA:22,0
DA:24,0
DA:25,0
DA:26,0
DA:28,0
DA:29,0
DA:31,0
DA:32,0
DA:34,0
DA:35,0
DA:37,0
DA:38,0
DA:40,0
DA:41,0
DA:42,0
DA:44,0
DA:45,0
DA:46,0
DA:48,0
DA:49,0
DA:51,1
DA:52,1
DA:54,1
DA:55,1
DA:57,10
DA:61,18
DA:62,12
DA:65,18
DA:78,0
LF:39
LH:16
BRDA:18,0,0,0
BRDA:18,0,1,0
BRDA:18,0,2,0
BRDA:18,0,3,0
BRDA:18,0,4,0
BRDA:18,0,5,0
BRDA:18,0,6,0
BRDA:18,0,7,0
BRDA:18,0,8,0
BRDA:18,0,9,1
BRDA:18,0,10,1
BRDA:18,0,11,10
BRDA:72,1,0,18
BRDA:72,1,1,0
BRDA:81,2,0,18
BRDA:81,2,1,0
BRF:16
BRH:5
end_of_record
TN:
SF:/home/alinedebastiani/sd-08-project-recipes-app/src/components/IngredientsList.jsx
FN:7,IngredientsList
FN:8,(anonymous_1)
FN:14,(anonymous_2)
FN:16,(anonymous_3)
FN:22,(anonymous_4)
FN:27,(anonymous_5)
FN:37,(anonymous_6)
FN:46,(anonymous_7)
FN:59,(anonymous_8)
FNF:9
FNH:0
FNDA:0,IngredientsList
FNDA:0,(anonymous_1)
FNDA:0,(anonymous_2)
FNDA:0,(anonymous_3)
FNDA:0,(anonymous_4)
FNDA:0,(anonymous_5)
FNDA:0,(anonymous_6)
FNDA:0,(anonymous_7)
FNDA:0,(anonymous_8)
DA:8,0
DA:9,0
DA:10,0
DA:11,0
DA:12,0
DA:14,0
DA:15,0
DA:16,0
DA:18,0
DA:22,0
DA:23,0
DA:24,0
DA:27,0
DA:28,0
DA:29,0
DA:33,0
DA:34,0
DA:38,0
DA:46,0
DA:56,0
DA:60,0
DA:70,2
LF:22
LH:1
BRDA:12,0,0,0
BRDA:12,0,1,0
BRDA:15,1,0,0
BRDA:15,1,1,0
BRDA:28,2,0,0
BRDA:28,2,1,0
BRDA:33,3,0,0
BRDA:33,3,1,0
BRF:8
BRH:0
end_of_record
TN:
SF:/home/alinedebastiani/sd-08-project-recipes-app/src/components/Loading.jsx
FN:3,Loading
FNF:1
FNH:0
FNDA:0,Loading
DA:4,0
LF:1
LH:0
BRF:0
BRH:0
end_of_record
TN:
SF:/home/alinedebastiani/sd-08-project-recipes-app/src/components/ProfileIcon.jsx
FN:5,(anonymous_0)
FN:13,(anonymous_1)
FNF:2
FNH:2
FNDA:18,(anonymous_0)
FNDA:1,(anonymous_1)
DA:5,5
DA:6,18
DA:7,18
DA:13,1
LF:4
LH:4
BRF:0
BRH:0
end_of_record
TN:
SF:/home/alinedebastiani/sd-08-project-recipes-app/src/components/ProgressButton.jsx
FN:17,ProgressButton
FN:21,(anonymous_1)
FN:25,(anonymous_2)
FN:36,(anonymous_3)
FN:43,(anonymous_4)
FN:50,(anonymous_5)
FNF:6
FNH:0
FNDA:0,ProgressButton
FNDA:0,(anonymous_1)
FNDA:0,(anonymous_2)
FNDA:0,(anonymous_3)
FNDA:0,(anonymous_4)
FNDA:0,(anonymous_5)
DA:18,0
DA:19,0
DA:20,0
DA:21,0
DA:22,0
DA:23,0
DA:25,0
DA:26,0
DA:27,0
DA:28,0
DA:30,0
DA:31,0
DA:33,0
DA:36,0
DA:37,0
DA:38,0
DA:39,0
DA:43,0
DA:44,0
DA:45,0
DA:46,0
DA:49,0
DA:50,0
DA:67,2
LF:24
LH:1
BRDA:26,0,0,0
BRDA:26,0,1,0
BRDA:30,1,0,0
BRDA:30,1,1,0
BRDA:37,2,0,0
BRDA:37,2,1,0
BRDA:44,3,0,0
BRDA:44,3,1,0
BRDA:45,4,0,0
BRDA:45,4,1,0
BRDA:50,5,0,0
BRDA:50,5,1,0
BRDA:50,6,0,0
BRDA:50,6,1,0
BRDA:55,7,0,0
BRDA:55,7,1,0
BRDA:58,8,0,0
BRDA:58,8,1,0
BRDA:59,9,0,0
BRDA:59,9,1,0
BRF:20
BRH:0
end_of_record
TN:
SF:/home/alinedebastiani/sd-08-project-recipes-app/src/components/RecipeCard.jsx
FN:5,RecipeCard
FNF:1
FNH:0
FNDA:0,RecipeCard
DA:6,0
DA:29,2
DA:33,2
LF:3
LH:2
BRDA:16,0,0,0
BRDA:16,0,1,0
BRDA:17,1,0,0
BRDA:17,1,1,0
BRDA:20,2,0,0
BRDA:20,2,1,0
BRF:6
BRH:0
end_of_record
TN:
SF:/home/alinedebastiani/sd-08-project-recipes-app/src/components/SearchBar.jsx
FN:6,(anonymous_0)
FN:12,(anonymous_1)
FN:17,(anonymous_2)
FN:43,(anonymous_3)
FN:54,(anonymous_4)
FN:65,(anonymous_5)
FN:76,(anonymous_6)
FN:84,(anonymous_7)
FNF:8
FNH:0
FNDA:0,(anonymous_0)
FNDA:0,(anonymous_1)
FNDA:0,(anonymous_2)
FNDA:0,(anonymous_3)
FNDA:0,(anonymous_4)
FNDA:0,(anonymous_5)
FNDA:0,(anonymous_6)
FNDA:0,(anonymous_7)
DA:6,5
DA:7,0
DA:8,0
DA:10,0
DA:11,0
DA:12,0
DA:17,0
DA:18,0
DA:19,0
DA:20,0
DA:21,0
DA:23,0
DA:24,0
DA:25,0
DA:27,0
DA:29,0
DA:32,0
DA:35,0
DA:43,0
DA:54,0
DA:65,0
DA:76,0
DA:84,0
LF:23
LH:1
BRDA:19,0,0,0
BRDA:19,0,1,0
BRDA:19,1,0,0
BRDA:19,1,1,0
BRDA:23,2,0,0
BRDA:23,2,1,0
BRDA:24,3,0,0
BRDA:24,3,1,0
BRF:8
BRH:0
end_of_record
TN:
SF:/home/alinedebastiani/sd-08-project-recipes-app/src/components/ShareButton.jsx
FN:6,ShareButton
FN:9,(anonymous_1)
FNF:2
FNH:0
FNDA:0,ShareButton
FNDA:0,(anonymous_1)
DA:7,0
DA:9,0
DA:10,0
DA:11,0
DA:14,0
DA:32,4
LF:6
LH:1
BRDA:21,0,0,0
BRDA:21,0,1,0
BRDA:27,1,0,0
BRDA:27,1,1,0
BRF:4
BRH:0
end_of_record
TN:
SF:/home/alinedebastiani/sd-08-project-recipes-app/src/pages/Explore.js
FN:6,Explore
FNF:1
FNH:0
FNDA:0,Explore
DA:7,0
LF:1
LH:0
BRF:0
BRH:0
end_of_record
TN:
SF:/home/alinedebastiani/sd-08-project-recipes-app/src/pages/ExploreIngredients.js
FN:10,ExploreIngredients
FN:12,(anonymous_1)
FN:13,(anonymous_2)
FN:17,(anonymous_3)
FN:23,(anonymous_4)
FN:33,(anonymous_5)
FN:39,(anonymous_6)
FN:51,(anonymous_7)
FN:57,(anonymous_8)
FNF:9
FNH:0
FNDA:0,ExploreIngredients
FNDA:0,(anonymous_1)
FNDA:0,(anonymous_2)
FNDA:0,(anonymous_3)
FNDA:0,(anonymous_4)
FNDA:0,(anonymous_5)
FNDA:0,(anonymous_6)
FNDA:0,(anonymous_7)
FNDA:0,(anonymous_8)
DA:11,0
DA:12,0
DA:13,0
DA:14,0
DA:15,0
DA:17,0
DA:18,0
DA:19,0
DA:20,0
DA:23,0
DA:24,0
DA:25,0
DA:28,0
DA:29,0
DA:34,0
DA:35,0
DA:39,0
DA:52,0
DA:53,0
DA:57,0
DA:75,2
LF:21
LH:1
BRDA:13,0,0,0
BRDA:19,1,0,0
BRDA:19,1,1,0
BRDA:28,2,0,0
BRDA:28,2,1,0
BRDA:32,3,0,0
BRDA:32,3,1,0
BRDA:69,4,0,0
BRDA:69,4,1,0
BRF:9
BRH:0
end_of_record
TN:
SF:/home/alinedebastiani/sd-08-project-recipes-app/src/pages/ExploreMain.js
FN:9,ExploreMain
FN:11,(anonymous_1)
FN:12,(anonymous_2)
FN:17,(anonymous_3)
FN:22,(anonymous_4)
FN:26,(anonymous_5)
FNF:6
FNH:0
FNDA:0,ExploreMain
FNDA:0,(anonymous_1)
FNDA:0,(anonymous_2)
FNDA:0,(anonymous_3)
FNDA:0,(anonymous_4)
FNDA:0,(anonymous_5)
DA:10,0
DA:11,0
DA:12,0
DA:13,0
DA:14,0
DA:15,0
DA:17,0
DA:18,0
DA:19,0
DA:22,0
DA:23,0
DA:24,0
DA:26,0
DA:29,0
DA:60,2
LF:15
LH:1
BRDA:18,0,0,0
BRDA:18,0,1,0
BRDA:23,1,0,0
BRDA:23,1,1,0
BRDA:39,2,0,0
BRDA:39,2,1,0
BRDA:55,3,0,0
BRDA:55,3,1,0
BRF:8
BRH:0
end_of_record
TN:
SF:/home/alinedebastiani/sd-08-project-recipes-app/src/pages/ExploreOrigin.js
FN:9,ExploreOrigin
FN:10,(anonymous_1)
FN:11,(anonymous_2)
FN:15,(anonymous_3)
FN:20,(anonymous_4)
FN:34,(anonymous_5)
FN:44,(anonymous_6)
FNF:7
FNH:0
FNDA:0,ExploreOrigin
FNDA:0,(anonymous_1)
FNDA:0,(anonymous_2)
FNDA:0,(anonymous_3)
FNDA:0,(anonymous_4)
FNDA:0,(anonymous_5)
FNDA:0,(anonymous_6)
DA:10,0
DA:11,0
DA:12,0
DA:13,0
DA:15,0
DA:16,0
DA:17,0
DA:20,0
DA:21,0
DA:22,0
DA:23,0
DA:25,0
DA:26,0
DA:35,0
DA:45,0
LF:15
LH:0
BRDA:10,0,0,0
BRDA:25,1,0,0
BRDA:25,1,1,0
BRDA:25,2,0,0
BRDA:25,2,1,0
BRDA:34,3,0,0
BRDA:34,3,1,0
BRDA:44,4,0,0
BRDA:44,4,1,0
BRF:9
BRH:0
end_of_record
TN:
SF:/home/alinedebastiani/sd-08-project-recipes-app/src/pages/Login.js
FN:6,Login
FN:12,(anonymous_1)
FN:14,(anonymous_2)
FN:25,(anonymous_3)
FN:30,(anonymous_4)
FN:50,(anonymous_5)
FN:61,(anonymous_6)
FNF:7
FNH:7
FNDA:121,Login
FNDA:131,(anonymous_1)
FNDA:120,(anonymous_2)
FNDA:1,(anonymous_3)
FNDA:8,(anonymous_4)
FNDA:75,(anonymous_5)
FNDA:37,(anonymous_6)
DA:7,121
DA:8,121
DA:9,121
DA:10,121
DA:12,131
DA:14,121
DA:15,120
DA:16,120
DA:17,120
DA:18,120
DA:19,120
DA:20,3
DA:22,117
DA:25,121
DA:26,1
DA:27,1
DA:30,121
DA:31,8
DA:32,1
DA:33,1
DA:34,1
DA:35,1
DA:39,121
DA:41,120
DA:50,75
DA:61,37
LF:26
LH:26
BRDA:19,0,0,3
BRDA:19,0,1,117
BRDA:19,1,0,120
BRDA:19,1,1,3
BRDA:31,2,0,1
BRDA:31,2,1,7
BRDA:39,3,0,1
BRDA:39,3,1,120
BRF:8
BRH:8
end_of_record
TN:
SF:/home/alinedebastiani/sd-08-project-recipes-app/src/pages/Main.jsx
FN:13,Main
FN:16,(anonymous_1)
FN:22,(anonymous_2)
FN:31,(anonymous_3)
FN:40,(anonymous_4)
FN:55,(anonymous_5)
FNF:6
FNH:0
FNDA:0,Main
FNDA:0,(anonymous_1)
FNDA:0,(anonymous_2)
FNDA:0,(anonymous_3)
FNDA:0,(anonymous_4)
FNDA:0,(anonymous_5)
DA:16,0
DA:17,0
DA:18,0
DA:19,0
DA:20,0
DA:22,0
DA:23,0
DA:24,0
DA:25,0
DA:27,0
DA:28,0
DA:29,0
DA:31,0
DA:32,0
DA:40,0
DA:41,0
DA:42,0
DA:43,0
DA:44,0
DA:45,0
DA:47,0
DA:51,0
DA:56,0
DA:64,2
LF:24
LH:1
BRDA:23,0,0,0
BRDA:23,0,1,0
BRDA:27,1,0,0
BRDA:27,1,1,0
BRDA:27,2,0,0
BRDA:27,2,1,0
BRDA:43,3,0,0
BRDA:43,3,1,0
BRDA:58,4,0,0
BRDA:58,4,1,0
BRF:10
BRH:0
end_of_record
TN:
SF:/home/alinedebastiani/sd-08-project-recipes-app/src/pages/NotFound.js
FN:3,NotFound
FNF:1
FNH:1
FNDA:2,NotFound
DA:4,2
LF:1
LH:1
BRF:0
BRH:0
end_of_record
TN:
SF:/home/alinedebastiani/sd-08-project-recipes-app/src/pages/Profile.js
FN:6,Profile
FN:10,(anonymous_1)
FN:22,(anonymous_2)
FN:32,(anonymous_3)
FN:41,(anonymous_4)
FNF:5
FNH:5
FNDA:8,Profile
FNDA:4,(anonymous_1)
FNDA:1,(anonymous_2)
FNDA:1,(anonymous_3)
FNDA:1,(anonymous_4)
DA:7,8
DA:8,8
DA:10,8
DA:11,4
DA:14,8
DA:23,1
DA:33,1
DA:42,1
DA:43,1
LF:9
LH:9
BRDA:11,0,0,4
BRDA:11,0,1,4
BRF:2
BRH:2
end_of_record
TN:
SF:/home/alinedebastiani/sd-08-project-recipes-app/src/pages/RecipeDetails.jsx
FN:15,RecipeDetails
FN:16,(anonymous_1)
FN:34,(anonymous_2)
FN:48,(anonymous_3)
FN:53,(anonymous_4)
FN:85,(anonymous_5)
FNF:6
FNH:0
FNDA:0,RecipeDetails
FNDA:0,(anonymous_1)
FNDA:0,(anonymous_2)
FNDA:0,(anonymous_3)
FNDA:0,(anonymous_4)
FNDA:0,(anonymous_5)
DA:16,0
DA:17,0
DA:19,0
DA:28,0
DA:29,0
DA:31,0
DA:32,0
DA:34,0
DA:36,0
DA:37,0
DA:38,0
DA:39,0
DA:41,0
DA:42,0
DA:45,0
DA:46,0
DA:47,0
DA:49,0
DA:52,0
DA:53,0
DA:56,0
DA:86,0
DA:104,2
LF:23
LH:1
BRDA:32,0,0,0
BRDA:32,0,1,0
BRDA:38,1,0,0
BRDA:38,1,1,0
BRDA:47,2,0,0
BRDA:47,2,1,0
BRDA:49,3,0,0
BRDA:49,3,1,0
BRDA:49,3,2,0
BRDA:57,4,0,0
BRDA:57,4,1,0
BRDA:57,5,0,0
BRDA:57,5,1,0
BRDA:57,5,2,0
BRDA:77,6,0,0
BRDA:77,6,1,0
BRDA:83,7,0,0
BRDA:83,7,1,0
BRF:18
BRH:0
end_of_record
TN:
SF:/home/alinedebastiani/sd-08-project-recipes-app/src/pages/RecipesDoneAndFavorite.js
FN:9,RecipesDoneAndFavorite
FN:10,(anonymous_1)
FN:15,(anonymous_2)
FN:31,(anonymous_3)
FN:38,(anonymous_4)
FN:45,(anonymous_5)
FN:49,(anonymous_6)
FN:50,(anonymous_7)
FN:75,(anonymous_8)
FNF:9
FNH:3
FNDA:4,RecipesDoneAndFavorite
FNDA:6,(anonymous_1)
FNDA:2,(anonymous_2)
FNDA:0,(anonymous_3)
FNDA:0,(anonymous_4)
FNDA:0,(anonymous_5)
FNDA:0,(anonymous_6)
FNDA:0,(anonymous_7)
FNDA:0,(anonymous_8)
DA:10,6
DA:11,4
DA:12,4
DA:13,4
DA:15,4
DA:16,2
DA:17,1
DA:18,1
DA:20,1
DA:21,1
DA:25,4
DA:31,0
DA:38,0
DA:45,0
DA:49,0
DA:51,0
DA:76,0
DA:92,4
LF:18
LH:12
BRDA:16,0,0,1
BRDA:16,0,1,1
BRDA:49,1,0,0
BRDA:49,1,1,0
BRDA:64,2,0,0
BRDA:64,2,1,0
BRDA:66,3,0,0
BRDA:66,3,1,0
BRDA:68,4,0,0
BRDA:68,4,1,0
BRDA:74,5,0,0
BRDA:74,5,1,0
BRF:12
BRH:2
end_of_record
TN:
SF:/home/alinedebastiani/sd-08-project-recipes-app/src/reducers/login.js
FN:12,(anonymous_0)
FNF:1
FNH:1
FNDA:33,(anonymous_0)
DA:3,6
DA:4,6
DA:6,6
DA:12,6
DA:13,33
DA:15,1
DA:17,1
DA:19,1
DA:21,30
LF:9
LH:9
BRDA:3,0,0,6
BRDA:3,0,1,6
BRDA:4,1,0,6
BRDA:4,1,1,6
BRDA:12,2,0,30
BRDA:13,3,0,1
BRDA:13,3,1,1
BRDA:13,3,2,1
BRDA:13,3,3,30
BRF:9
BRH:9
end_of_record
TN:
SF:/home/alinedebastiani/sd-08-project-recipes-app/src/reducers/recipes.js
FN:26,(anonymous_0)
FN:53,(anonymous_1)
FNF:2
FNH:1
FNDA:33,(anonymous_0)
FNDA:0,(anonymous_1)
DA:5,6
DA:6,6
DA:7,6
DA:9,6
DA:23,6
DA:24,6
DA:26,6
DA:27,33
DA:28,33
DA:30,0
DA:32,0
DA:34,0
DA:36,0
DA:38,0
DA:40,0
DA:45,0
DA:49,0
DA:51,0
DA:53,0
DA:56,0
DA:58,0
DA:60,33
LF:22
LH:10
BRDA:5,0,0,6
BRDA:5,0,1,6
BRDA:6,1,0,6
BRDA:6,1,1,6
BRDA:7,2,0,6
BRDA:7,2,1,6
BRDA:15,3,0,6
BRDA:15,3,1,6
BRDA:16,4,0,6
BRDA:16,4,1,6
BRDA:26,5,0,30
BRDA:28,6,0,0
BRDA:28,6,1,0
BRDA:28,6,2,0
BRDA:28,6,3,0
BRDA:28,6,4,0
BRDA:28,6,5,0
BRDA:28,6,6,0
BRDA:28,6,7,0
BRDA:28,6,8,0
BRDA:28,6,9,0
BRDA:28,6,10,0
BRDA:28,6,11,33
BRDA:53,7,0,0
BRDA:53,7,1,0
BRF:25
BRH:12
end_of_record
TN:
SF:/home/alinedebastiani/sd-08-project-recipes-app/src/tests/testConfig.js
FN:11,(anonymous_0)
FN:16,(anonymous_1)
FNF:2
FNH:2
FNDA:18,(anonymous_0)
FNDA:18,(anonymous_1)
DA:11,6
DA:12,18
DA:13,1
DA:16,6
DA:17,18
DA:18,18
DA:19,18
DA:22,18
LF:8
LH:8
BRDA:12,0,0,17
BRDA:12,0,1,1
BRDA:16,1,0,10
BRDA:17,2,0,18
BRDA:17,2,1,16
BRDA:19,3,0,18
BRDA:19,3,1,18
BRF:7
BRH:7
end_of_record
